+ echo '############################################'
+ echo SCRIPT make_Seasonal
+ echo '############################################'
+ workdir=/scratch/b/b309216/tmp/icon/tuning/processed
+ cd /scratch/b/b309216/tmp/icon/tuning/processed
+ cdo -O mergetime /work/bd1179/b309216/icon/ICON-2.6.4/2.6.4/experiments/atm_amip_R2B5_1979-1980_nrun_1-PaperExample//atm_amip_R2B5_1979-1980_nrun_1-PaperExample_atm_2d_ml_19790101T000000Z.nc /work/bd1179/b309216/icon/ICON-2.6.4/2.6.4/experiments/atm_amip_R2B5_1979-1980_nrun_1-PaperExample//atm_amip_R2B5_1979-1980_nrun_1-PaperExample_atm_2d_ml_19790201T000000Z.nc /work/bd1179/b309216/icon/ICON-2.6.4/2.6.4/experiments/atm_amip_R2B5_1979-1980_nrun_1-PaperExample//atm_amip_R2B5_1979-1980_nrun_1-PaperExample_atm_2d_ml_19790301T000000Z.nc /work/bd1179/b309216/icon/ICON-2.6.4/2.6.4/experiments/atm_amip_R2B5_1979-1980_nrun_1-PaperExample//atm_amip_R2B5_1979-1980_nrun_1-PaperExample_atm_2d_ml_19790401T000000Z.nc /work/bd1179/b309216/icon/ICON-2.6.4/2.6.4/experiments/atm_amip_R2B5_1979-1980_nrun_1-PaperExample//atm_amip_R2B5_1979-1980_nrun_1-PaperExample_atm_2d_ml_19790501T000000Z.nc /work/bd1179/b309216/icon/ICON-2.6.4/2.6.4/experiments/atm_amip_R2B5_1979-1980_nrun_1-PaperExample//atm_amip_R2B5_1979-1980_nrun_1-PaperExample_atm_2d_ml_19790601T000000Z.nc /work/bd1179/b309216/icon/ICON-2.6.4/2.6.4/experiments/atm_amip_R2B5_1979-1980_nrun_1-PaperExample//atm_amip_R2B5_1979-1980_nrun_1-PaperExample_atm_2d_ml_19790701T000000Z.nc /work/bd1179/b309216/icon/ICON-2.6.4/2.6.4/experiments/atm_amip_R2B5_1979-1980_nrun_1-PaperExample//atm_amip_R2B5_1979-1980_nrun_1-PaperExample_atm_2d_ml_19790801T000000Z.nc /work/bd1179/b309216/icon/ICON-2.6.4/2.6.4/experiments/atm_amip_R2B5_1979-1980_nrun_1-PaperExample//atm_amip_R2B5_1979-1980_nrun_1-PaperExample_atm_2d_ml_19790901T000000Z.nc /work/bd1179/b309216/icon/ICON-2.6.4/2.6.4/experiments/atm_amip_R2B5_1979-1980_nrun_1-PaperExample//atm_amip_R2B5_1979-1980_nrun_1-PaperExample_atm_2d_ml_19791001T000000Z.nc /work/bd1179/b309216/icon/ICON-2.6.4/2.6.4/experiments/atm_amip_R2B5_1979-1980_nrun_1-PaperExample//atm_amip_R2B5_1979-1980_nrun_1-PaperExample_atm_2d_ml_19791101T000000Z.nc /work/bd1179/b309216/icon/ICON-2.6.4/2.6.4/experiments/atm_amip_R2B5_1979-1980_nrun_1-PaperExample//atm_amip_R2B5_1979-1980_nrun_1-PaperExample_atm_2d_ml_19791201T000000Z.nc /work/bd1179/b309216/icon/ICON-2.6.4/2.6.4/experiments/atm_amip_R2B5_1979-1980_nrun_1-PaperExample//atm_amip_R2B5_1979-1980_nrun_1-PaperExample_atm_2d_ml_19800101T000000Z.nc atm_2d_ml_1979-1980_nrun_1-PaperExample_global_R2B5.nc
+ cdo -O mergetime /work/bd1179/b309216/icon/ICON-2.6.4/2.6.4/experiments/atm_amip_R2B5_1979-1980_nrun_1-PaperExample//atm_amip_R2B5_1979-1980_nrun_1-PaperExample_atm_3d_ml_19790101T000000Z.nc /work/bd1179/b309216/icon/ICON-2.6.4/2.6.4/experiments/atm_amip_R2B5_1979-1980_nrun_1-PaperExample//atm_amip_R2B5_1979-1980_nrun_1-PaperExample_atm_3d_ml_19790201T000000Z.nc /work/bd1179/b309216/icon/ICON-2.6.4/2.6.4/experiments/atm_amip_R2B5_1979-1980_nrun_1-PaperExample//atm_amip_R2B5_1979-1980_nrun_1-PaperExample_atm_3d_ml_19790301T000000Z.nc /work/bd1179/b309216/icon/ICON-2.6.4/2.6.4/experiments/atm_amip_R2B5_1979-1980_nrun_1-PaperExample//atm_amip_R2B5_1979-1980_nrun_1-PaperExample_atm_3d_ml_19790401T000000Z.nc /work/bd1179/b309216/icon/ICON-2.6.4/2.6.4/experiments/atm_amip_R2B5_1979-1980_nrun_1-PaperExample//atm_amip_R2B5_1979-1980_nrun_1-PaperExample_atm_3d_ml_19790501T000000Z.nc /work/bd1179/b309216/icon/ICON-2.6.4/2.6.4/experiments/atm_amip_R2B5_1979-1980_nrun_1-PaperExample//atm_amip_R2B5_1979-1980_nrun_1-PaperExample_atm_3d_ml_19790601T000000Z.nc /work/bd1179/b309216/icon/ICON-2.6.4/2.6.4/experiments/atm_amip_R2B5_1979-1980_nrun_1-PaperExample//atm_amip_R2B5_1979-1980_nrun_1-PaperExample_atm_3d_ml_19790701T000000Z.nc /work/bd1179/b309216/icon/ICON-2.6.4/2.6.4/experiments/atm_amip_R2B5_1979-1980_nrun_1-PaperExample//atm_amip_R2B5_1979-1980_nrun_1-PaperExample_atm_3d_ml_19790801T000000Z.nc /work/bd1179/b309216/icon/ICON-2.6.4/2.6.4/experiments/atm_amip_R2B5_1979-1980_nrun_1-PaperExample//atm_amip_R2B5_1979-1980_nrun_1-PaperExample_atm_3d_ml_19790901T000000Z.nc /work/bd1179/b309216/icon/ICON-2.6.4/2.6.4/experiments/atm_amip_R2B5_1979-1980_nrun_1-PaperExample//atm_amip_R2B5_1979-1980_nrun_1-PaperExample_atm_3d_ml_19791001T000000Z.nc /work/bd1179/b309216/icon/ICON-2.6.4/2.6.4/experiments/atm_amip_R2B5_1979-1980_nrun_1-PaperExample//atm_amip_R2B5_1979-1980_nrun_1-PaperExample_atm_3d_ml_19791101T000000Z.nc /work/bd1179/b309216/icon/ICON-2.6.4/2.6.4/experiments/atm_amip_R2B5_1979-1980_nrun_1-PaperExample//atm_amip_R2B5_1979-1980_nrun_1-PaperExample_atm_3d_ml_19791201T000000Z.nc /work/bd1179/b309216/icon/ICON-2.6.4/2.6.4/experiments/atm_amip_R2B5_1979-1980_nrun_1-PaperExample//atm_amip_R2B5_1979-1980_nrun_1-PaperExample_atm_3d_ml_19800101T000000Z.nc atm_3d_ml_1979-1980_nrun_1-PaperExample_global_R2B5.nc
+ TYP=ANN
+ NAME=EXP_1979-1980_nrun_1-PaperExample_R2B5_POST_1979-1980_ANN_global
+ cdo -setgrid,/pool/data/ICON/grids/public/mpim/0019/icon_grid_0019_R02B05_G.nc -timavg -selyear,1979/1980 -selvar,ta,ua,va,cl,cli,clw,hus,hur,zg,ps,pfull atm_3d_ml_1979-1980_nrun_1-PaperExample_global_R2B5.nc EXP_1979-1980_nrun_1-PaperExample_R2B5_POST_1979-1980_ANN_global_atm_3d_ml.nc
+ TYP=JJA
+ NAME=EXP_1979-1980_nrun_1-PaperExample_R2B5_POST_1979-1980_JJA_global
+ cdo -setgrid,/pool/data/ICON/grids/public/mpim/0019/icon_grid_0019_R02B05_G.nc -timavg -selmon,6,7,8 -selyear,1979/1980 -selvar,ta,ua,va,cl,cli,clw,hus,hur,zg,ps,pfull atm_3d_ml_1979-1980_nrun_1-PaperExample_global_R2B5.nc EXP_1979-1980_nrun_1-PaperExample_R2B5_POST_1979-1980_JJA_global_atm_3d_ml.nc
+ TYP=ANN
+ NAME=EXP_1979-1980_nrun_1-PaperExample_R2B5_POST_1979-1980_ANN_global
+ cdo -setgrid,/pool/data/ICON/grids/public/mpim/0019/icon_grid_0019_R02B05_G.nc -timavg -selyear,1979/1980 atm_2d_ml_1979-1980_nrun_1-PaperExample_global_R2B5.nc EXP_1979-1980_nrun_1-PaperExample_R2B5_POST_1979-1980_ANN_global_atm_2d_ml.nc
+ TYP=JJA
+ NAME=EXP_1979-1980_nrun_1-PaperExample_R2B5_POST_1979-1980_JJA_global
+ cdo -setgrid,/pool/data/ICON/grids/public/mpim/0019/icon_grid_0019_R02B05_G.nc -timavg -selmon,6,7,8 -selyear,1979/1980 atm_2d_ml_1979-1980_nrun_1-PaperExample_global_R2B5.nc EXP_1979-1980_nrun_1-PaperExample_R2B5_POST_1979-1980_JJA_global_atm_2d_ml.nc
+ TYP=ANN
+ WEBPAGE=1
+ NAME=EXP_1979-1980_nrun_1-PaperExample_R2B5_POST_1979-1980_ANN_global
+ command . /work/bd1179/b309216/icon/ICON-2.6.4/icon-tuning-analysis/Postprocessing_PaperExample/2-analysis/Tables_global.sh
+ set -e
+ echo '############################################'
+ echo SCRIPT QuickPlots_Breixo_Pauline
+ echo '############################################'
+ TAB=0
+ ATM_2d=0
+ ATM_3d=1
+ set -ex
+ DATDIR=/scratch/b/b309216/tmp/icon/tuning/processed
+ date +%d%m%Y_%H%M%S
+ Timeofrun=10092024_150537
+ GrdInfoFile=/pool/data/ICON/grids/public/mpim/0019/icon_grid_0019_R02B05_G.nc
+ [ 1 '=' 1 ]
+ TAB=1
+ ATM_2d=1
+ ATM_3d=1
+ ERAystrt=1979
+ ERAylast=1980
+ [ 1980 -lt 1979 -o 1980 -gt 2019 ]
+ [ 1979 -lt 1979 -o 1979 -gt 2019 ]
+ export ERAystrt
+ echo ERAystrt path 1979
+ export ERAylast
+ echo ERAylast path 1980
+ obsDir=/pool/data/ICON/post/QuickPlots_1x1_1.4.0.0/CERES/
+ export obsDir
+ Era5Dir=/pool/data/ICON/post/QuickPlots_1x1_1.4.0.0/ERA5/
+ export Era5Dir
+ QUELLE=/work/bd1179/b309216/icon/ICON-2.6.4/icon-tuning-analysis/Postprocessing_PaperExample/3-make-tables/
+ export QUELLE
+ echo QUELLE path /work/bd1179/b309216/icon/ICON-2.6.4/icon-tuning-analysis/Postprocessing_PaperExample/3-make-tables/
+ export GrdInfoFile
+ echo GrdInfoFile path /pool/data/ICON/grids/public/mpim/0019/icon_grid_0019_R02B05_G.nc
+ PLTDIR=/work/bd1179/b309216/icon/ICON-2.6.4/icon-tuning-analysis/Postprocessing_PaperExample/tables/EXP_1979-1980_nrun_1-PaperExample_R2B5_POST_1979-1980_ANN_global_10092024_150537
+ export PLTDIR
+ [ ! -d /work/bd1179/b309216/icon/ICON-2.6.4/icon-tuning-analysis/Postprocessing_PaperExample/tables/EXP_1979-1980_nrun_1-PaperExample_R2B5_POST_1979-1980_ANN_global_10092024_150537 ]
+ mkdir /work/bd1179/b309216/icon/ICON-2.6.4/icon-tuning-analysis/Postprocessing_PaperExample/tables/EXP_1979-1980_nrun_1-PaperExample_R2B5_POST_1979-1980_ANN_global_10092024_150537
+ echo /work/bd1179/b309216/icon/ICON-2.6.4/icon-tuning-analysis/Postprocessing_PaperExample/tables/EXP_1979-1980_nrun_1-PaperExample_R2B5_POST_1979-1980_ANN_global_10092024_150537
+ cd /work/bd1179/b309216/icon/ICON-2.6.4/icon-tuning-analysis/Postprocessing_PaperExample/tables/EXP_1979-1980_nrun_1-PaperExample_R2B5_POST_1979-1980_ANN_global_10092024_150537
+ pwd
+ CDO_MODULE=cdo/2.0.5-gcc-11.2.0
+ MODULES=' cdo/2.0.5-gcc-11.2.0'
+ NCL_MODULE=ncl/6.6.2-gcc-11.2.0
+ MODULES=' cdo/2.0.5-gcc-11.2.0 ncl/6.6.2-gcc-11.2.0'
+ . /usr/share/Modules/init/ksh
+ unset _mlshdbg
+ [ 0 '=' 1 ]
+ MODULES_RUN_QUARANTINE='LD_LIBRARY_PATH LD_PRELOAD'
+ export MODULES_RUN_QUARANTINE
+ unset _mlre _mlIFS
+ [ -n x ]
+ _mlIFS=$' \t\n'
+ IFS=' '
+ [ LD_LIBRARY_PATH '=' LD_LIBRARY_PATH -a LD_LIBRARY_PATH '=' LD_LIBRARY_PATH ]
+ eval 'echo ${LD_LIBRARY_PATH+x}'
+ echo
+ [ -n '' ]
+ _mlrv=MODULES_RUNENV_LD_LIBRARY_PATH
+ eval 'echo ${MODULES_RUNENV_LD_LIBRARY_PATH:-}'
+ echo
+ _mlre=LD_LIBRARY_PATH=$'\'\' '
+ [ LD_PRELOAD '=' LD_PRELOAD -a LD_PRELOAD '=' LD_PRELOAD ]
+ eval 'echo ${LD_PRELOAD+x}'
+ echo
+ [ -n '' ]
+ _mlrv=MODULES_RUNENV_LD_PRELOAD
+ eval 'echo ${MODULES_RUNENV_LD_PRELOAD:-}'
+ echo
+ _mlre=LD_LIBRARY_PATH=$'\'\' LD_PRELOAD=\'\' '
+ [ -n LD_LIBRARY_PATH=$'\'\' LD_PRELOAD=\'\' ' ]
+ _mlre=$'eval LD_LIBRARY_PATH=\'\' LD_PRELOAD=\'\' '
+ eval LD_LIBRARY_PATH=$'\'\'' LD_PRELOAD=$'\'\'' /usr/bin/tclsh /usr/share/Modules/libexec/modulecmd.tcl ksh autoinit
+ /usr/bin/tclsh /usr/share/Modules/libexec/modulecmd.tcl ksh autoinit
+ LD_LIBRARY_PATH=''
+ LD_PRELOAD=''
+ _mlcode=$'module() {\n   unset _mlshdbg;\n   if [ "${MODULES_SILENT_SHELL_DEBUG:-0}" = \'1\' ]; then\n      case "$-" in\n         *v*x*) set +vx; _mlshdbg=\'vx\' ;;\n         *v*) set +v; _mlshdbg=\'v\' ;;\n         *x*) set +x; _mlshdbg=\'x\' ;;\n         *) _mlshdbg=\'\' ;;\n      esac;\n   fi;\n   unset _mlre _mlIFS;\n   if [ -n "${IFS+x}" ]; then\n      _mlIFS=$IFS;\n   fi;\n   IFS=\' \';\n   for _mlv in ${MODULES_RUN_QUARANTINE:-}; do\n      if [ "${_mlv}" = "${_mlv##*[!A-Za-z0-9_]}" -a "${_mlv}" = "${_mlv#[0-9]}" ]; then\n         if [ -n "`eval \'echo ${\'$_mlv\'+x}\'`" ]; then\n            _mlre="${_mlre:-}${_mlv}_modquar=\'`eval \'echo ${\'$_mlv\'}\'`\' ";\n         fi;\n         _mlrv="MODULES_RUNENV_${_mlv}";\n         _mlre="${_mlre:-}${_mlv}=\'`eval \'echo ${\'$_mlrv\':-}\'`\' ";\n      fi;\n   done;\n   if [ -n "${_mlre:-}" ]; then\n      eval `eval ${_mlre} /usr/bin/tclsh /usr/share/Modules/libexec/modulecmd.tcl ksh \'"$@"\'`;\n   else\n      eval `/usr/bin/tclsh /usr/share/Modules/libexec/modulecmd.tcl ksh "$@"`;\n   fi;\n   _mlstatus=$?;\n   if [ -n "${_mlIFS+x}" ]; then\n      IFS=$_mlIFS;\n   else\n      unset IFS;\n   fi;\n   unset _mlre _mlv _mlrv _mlIFS;\n   if [ -n "${_mlshdbg:-}" ]; then\n      set -$_mlshdbg;\n   fi;\n   unset _mlshdbg;\n   return $_mlstatus;\n};\nml() { module ml "$@"; };\nMODULES_CMD=/usr/share/Modules/libexec/modulecmd.tcl; export MODULES_CMD;\nMODULESHOME=/usr/share/Modules; export MODULESHOME;\ntest 0;'
+ _mlret=0
+ [ -n x ]
+ IFS=$' \t\n'
+ unset _mlIFS
+ unset _mlre _mlv _mlrv
+ [ 0 -eq 0 ]
+ eval $'module() {\n   unset _mlshdbg;\n   if [ "${MODULES_SILENT_SHELL_DEBUG:-0}" = \'1\' ]; then\n      case "$-" in\n         *v*x*) set +vx; _mlshdbg=\'vx\' ;;\n         *v*) set +v; _mlshdbg=\'v\' ;;\n         *x*) set +x; _mlshdbg=\'x\' ;;\n         *) _mlshdbg=\'\' ;;\n      esac;\n   fi;\n   unset _mlre _mlIFS;\n   if [ -n "${IFS+x}" ]; then\n      _mlIFS=$IFS;\n   fi;\n   IFS=\' \';\n   for _mlv in ${MODULES_RUN_QUARANTINE:-}; do\n      if [ "${_mlv}" = "${_mlv##*[!A-Za-z0-9_]}" -a "${_mlv}" = "${_mlv#[0-9]}" ]; then\n         if [ -n "`eval \'echo ${\'$_mlv\'+x}\'`" ]; then\n            _mlre="${_mlre:-}${_mlv}_modquar=\'`eval \'echo ${\'$_mlv\'}\'`\' ";\n         fi;\n         _mlrv="MODULES_RUNENV_${_mlv}";\n         _mlre="${_mlre:-}${_mlv}=\'`eval \'echo ${\'$_mlrv\':-}\'`\' ";\n      fi;\n   done;\n   if [ -n "${_mlre:-}" ]; then\n      eval `eval ${_mlre} /usr/bin/tclsh /usr/share/Modules/libexec/modulecmd.tcl ksh \'"$@"\'`;\n   else\n      eval `/usr/bin/tclsh /usr/share/Modules/libexec/modulecmd.tcl ksh "$@"`;\n   fi;\n   _mlstatus=$?;\n   if [ -n "${_mlIFS+x}" ]; then\n      IFS=$_mlIFS;\n   else\n      unset IFS;\n   fi;\n   unset _mlre _mlv _mlrv _mlIFS;\n   if [ -n "${_mlshdbg:-}" ]; then\n      set -$_mlshdbg;\n   fi;\n   unset _mlshdbg;\n   return $_mlstatus;\n};\nml() { module ml "$@"; };\nMODULES_CMD=/usr/share/Modules/libexec/modulecmd.tcl; export MODULES_CMD;\nMODULESHOME=/usr/share/Modules; export MODULESHOME;\ntest 0;'
+ MODULES_CMD=/usr/share/Modules/libexec/modulecmd.tcl
+ export MODULES_CMD
+ MODULESHOME=/usr/share/Modules
+ export MODULESHOME
+ test 0
+ [ 0 '=' 1 ]
+ _mlinstr=::
+ [ :: '=' :: ]
+ FPATH=/usr/share/Modules/init/ksh-functions
+ export FPATH
+ _mlinstr=:/home/b/b309216/.vscode-server/cli/servers/Stable-b1c0a14de1414fcdaa400695b4db1c0799bc3124/server/bin/remote-cli:/sw/spack-levante/netcdf-c-main-q3icox/bin:/sw/spack-levante/ncview-2.1.8-metgtp/bin:/sw/spack-levante/nco-5.0.6-3xkdth/bin:/sw/spack-levante/cdo-2.2.2-4z4icb/bin:/sw/spack-levante/texlive-live2021-l5o6sw/bin/x86_64-linux:/sw/spack-levante/texlive-live2021-l5o6sw/bin:/work/bd1179/iconeval/env/bin:/sw/bin:/sw/spack-workplace/spack/bin:/usr/share/Modules/bin:/home/b/b309216/mambaforge/bin:/home/b/b309216/mambaforge/condabin:/usr/local/bin:/usr/bin:/usr/local/sbin:/usr/sbin:
+ [ /home/b/b309216/mambaforge/bin:/home/b/b309216/mambaforge/condabin:/usr/local/bin:/usr/bin:/usr/local/sbin:/usr/sbin: '=' :/home/b/b309216/.vscode-server/cli/servers/Stable-b1c0a14de1414fcdaa400695b4db1c0799bc3124/server/bin/remote-cli:/sw/spack-levante/netcdf-c-main-q3icox/bin:/sw/spack-levante/ncview-2.1.8-metgtp/bin:/sw/spack-levante/nco-5.0.6-3xkdth/bin:/sw/spack-levante/cdo-2.2.2-4z4icb/bin:/sw/spack-levante/texlive-live2021-l5o6sw/bin/x86_64-linux:/sw/spack-levante/texlive-live2021-l5o6sw/bin:/work/bd1179/iconeval/env/bin:/sw/bin:/sw/spack-workplace/spack/bin:/usr/share/Modules/bin:/home/b/b309216/mambaforge/bin:/home/b/b309216/mambaforge/condabin:/usr/local/bin:/usr/bin:/usr/local/sbin:/usr/sbin: ]
+ [ ! -n x ]
+ manpath
+ 2> /dev/null
+ _mlinstr=:/sw/spack-levante/netcdf-c-main-q3icox/share/man:/sw/spack-levante/nco-5.0.6-3xkdth/share/man:/work/bd1179/iconeval/env/share/man:/work/bd1179/iconeval/env/man::/sw/spack-levante/netcdf-c-main-q3icox/share/man:/sw/spack-levante/nco-5.0.6-3xkdth/share/man:/sw/spack-levante/texlive-live2021-l5o6sw/bin/x86_64-linux/man:/work/bd1179/iconeval/env/man:/home/b/b309216/mambaforge/man:/usr/local/share/man:/usr/share/man:
+ [ '' '=' :/sw/spack-levante/netcdf-c-main-q3icox/share/man:/sw/spack-levante/nco-5.0.6-3xkdth/share/man:/work/bd1179/iconeval/env/share/man:/work/bd1179/iconeval/env/man::/sw/spack-levante/netcdf-c-main-q3icox/share/man:/sw/spack-levante/nco-5.0.6-3xkdth/share/man:/sw/spack-levante/texlive-live2021-l5o6sw/bin/x86_64-linux/man:/work/bd1179/iconeval/env/man:/home/b/b309216/mambaforge/man:/usr/local/share/man:/usr/share/man: ]
+ unset _mlinstr
+ unset _mlcode _mlret
+ [ -n '' ]
+ module unload cdo
+ unset _mlshdbg
+ [ 0 '=' 1 ]
+ unset _mlre _mlIFS
+ [ -n x ]
+ _mlIFS=$' \t\n'
+ IFS=' '
+ [ LD_LIBRARY_PATH '=' LD_LIBRARY_PATH -a LD_LIBRARY_PATH '=' LD_LIBRARY_PATH ]
+ eval 'echo ${LD_LIBRARY_PATH+x}'
+ echo
+ [ -n '' ]
+ _mlrv=MODULES_RUNENV_LD_LIBRARY_PATH
+ eval 'echo ${MODULES_RUNENV_LD_LIBRARY_PATH:-}'
+ echo
+ _mlre=LD_LIBRARY_PATH=$'\'\' '
+ [ LD_PRELOAD '=' LD_PRELOAD -a LD_PRELOAD '=' LD_PRELOAD ]
+ eval 'echo ${LD_PRELOAD+x}'
+ echo
+ [ -n '' ]
+ _mlrv=MODULES_RUNENV_LD_PRELOAD
+ eval 'echo ${MODULES_RUNENV_LD_PRELOAD:-}'
+ echo
+ _mlre=LD_LIBRARY_PATH=$'\'\' LD_PRELOAD=\'\' '
+ [ -n LD_LIBRARY_PATH=$'\'\' LD_PRELOAD=\'\' ' ]
+ eval LD_LIBRARY_PATH=$'\'\'' LD_PRELOAD=$'\'\'' /usr/bin/tclsh /usr/share/Modules/libexec/modulecmd.tcl ksh '"$@"'
+ /usr/bin/tclsh /usr/share/Modules/libexec/modulecmd.tcl ksh unload cdo
+ LD_LIBRARY_PATH=''
+ LD_PRELOAD=''
+ eval HDF5_PLUGIN_PATH='/sw/spack-levante/netcdf-c-main-q3icox/plugins;' export $'HDF5_PLUGIN_PATH;\n_LMFILES_=/work/bd1179/modulefiles/iconeval/0.0.2:/sw/spack-levante/spack/modules/texlive/live2021-gcc-11.2.0:/sw/spack-levante/spack/modules/nco/5.0.6-gcc-11.2.0:/sw/spack-levante/spack/modules/ncview/2.1.8-gcc-11.2.0:/sw/spack-levante/spack/modules/netcdf-c/4.9.3pre-openmpi-4.1.6-nvhpc-23.9;' export $'_LMFILES_;\nCMAKE_PREFIX_PATH=/sw/spack-levante/netcdf-c-main-q3icox/.;' export $'CMAKE_PREFIX_PATH;\nLOADEDMODULES=iconeval/0.0.2:texlive/live2021-gcc-11.2.0:nco/5.0.6-gcc-11.2.0:ncview/2.1.8-gcc-11.2.0:netcdf-c/4.9.3pre-openmpi-4.1.6-nvhpc-23.9;' export $'LOADEDMODULES;\nunset' $'MODULES_LMALTNAME;\nMODULES_LMCONFLICT=iconeval/0.0.2\\&mambaforge:texlive/live2021-gcc-11.2.0\\&texlive:nco/5.0.6-gcc-11.2.0\\&nco:ncview/2.1.8-gcc-11.2.0\\&ncview:netcdf-c/4.9.3pre-openmpi-4.1.6-nvhpc-23.9\\&netcdf-c;' export $'MODULES_LMCONFLICT;\nunset' $'CDI_CHUNK_CACHE;\nHDF5_PLUGIN_PATH_modshare=/sw/spack-levante/netcdf-c-main-q3icox/plugins:1;' export $'HDF5_PLUGIN_PATH_modshare;\nunset' $'MODULES_LMALTNAME_modshare;\nMODULES_LMCONFLICT_modshare=iconeval/0.0.2\\&mambaforge:1:netcdf-c/4.9.3pre-openmpi-4.1.6-nvhpc-23.9\\&netcdf-c:1:texlive/live2021-gcc-11.2.0\\&texlive:1:nco/5.0.6-gcc-11.2.0\\&nco:1:ncview/2.1.8-gcc-11.2.0\\&ncview:1;' export $'MODULES_LMCONFLICT_modshare;\nunset' $'PROJ_LIB;\n_LMFILES__modshare=/work/bd1179/modulefiles/iconeval/0.0.2:1:/sw/spack-levante/spack/modules/texlive/live2021-gcc-11.2.0:1:/sw/spack-levante/spack/modules/netcdf-c/4.9.3pre-openmpi-4.1.6-nvhpc-23.9:1:/sw/spack-levante/spack/modules/nco/5.0.6-gcc-11.2.0:1:/sw/spack-levante/spack/modules/ncview/2.1.8-gcc-11.2.0:1;' export $'_LMFILES__modshare;\nCMAKE_PREFIX_PATH_modshare=/sw/spack-levante/netcdf-c-main-q3icox/.:1;' export $'CMAKE_PREFIX_PATH_modshare;\nLOADEDMODULES_modshare=texlive/live2021-gcc-11.2.0:1:netcdf-c/4.9.3pre-openmpi-4.1.6-nvhpc-23.9:1:nco/5.0.6-gcc-11.2.0:1:ncview/2.1.8-gcc-11.2.0:1:iconeval/0.0.2:1;' export $'LOADEDMODULES_modshare;\nPATH=/home/b/b309216/.vscode-server/cli/servers/Stable-b1c0a14de1414fcdaa400695b4db1c0799bc3124/server/bin/remote-cli:/sw/spack-levante/netcdf-c-main-q3icox/bin:/sw/spack-levante/ncview-2.1.8-metgtp/bin:/sw/spack-levante/nco-5.0.6-3xkdth/bin:/sw/spack-levante/texlive-live2021-l5o6sw/bin/x86_64-linux:/sw/spack-levante/texlive-live2021-l5o6sw/bin:/work/bd1179/iconeval/env/bin:/sw/bin:/sw/spack-workplace/spack/bin:/usr/share/Modules/bin:/home/b/b309216/mambaforge/bin:/home/b/b309216/mambaforge/condabin:/usr/local/bin:/usr/bin:/usr/local/sbin:/usr/sbin;' export $'PATH;\nunset' $'CDO_ICON_GRIDS;\nPATH_modshare=/sw/spack-workplace/spack/bin:1:/usr/bin:1:/work/bd1179/iconeval/env/bin:1:/usr/local/bin:1:/usr/share/Modules/bin:1:/sw/spack-levante/nco-5.0.6-3xkdth/bin:1:/home/b/b309216/.vscode-server/cli/servers/Stable-b1c0a14de1414fcdaa400695b4db1c0799bc3124/server/bin/remote-cli:1:/sw/spack-levante/netcdf-c-main-q3icox/bin:1:/home/b/b309216/mambaforge/bin:1:/sw/spack-levante/texlive-live2021-l5o6sw/bin/x86_64-linux:1:/sw/bin:1:/sw/spack-levante/ncview-2.1.8-metgtp/bin:1:/home/b/b309216/mambaforge/condabin:1:/usr/sbin:1:/sw/spack-levante/texlive-live2021-l5o6sw/bin:1:/usr/local/sbin:1;' export $'PATH_modshare;\ntest' '0;'
+ HDF5_PLUGIN_PATH=/sw/spack-levante/netcdf-c-main-q3icox/plugins
+ export HDF5_PLUGIN_PATH
+ _LMFILES_=/work/bd1179/modulefiles/iconeval/0.0.2:/sw/spack-levante/spack/modules/texlive/live2021-gcc-11.2.0:/sw/spack-levante/spack/modules/nco/5.0.6-gcc-11.2.0:/sw/spack-levante/spack/modules/ncview/2.1.8-gcc-11.2.0:/sw/spack-levante/spack/modules/netcdf-c/4.9.3pre-openmpi-4.1.6-nvhpc-23.9
+ export _LMFILES_
+ CMAKE_PREFIX_PATH=/sw/spack-levante/netcdf-c-main-q3icox/.
+ export CMAKE_PREFIX_PATH
+ LOADEDMODULES=iconeval/0.0.2:texlive/live2021-gcc-11.2.0:nco/5.0.6-gcc-11.2.0:ncview/2.1.8-gcc-11.2.0:netcdf-c/4.9.3pre-openmpi-4.1.6-nvhpc-23.9
+ export LOADEDMODULES
+ unset MODULES_LMALTNAME
+ MODULES_LMCONFLICT='iconeval/0.0.2&mambaforge:texlive/live2021-gcc-11.2.0&texlive:nco/5.0.6-gcc-11.2.0&nco:ncview/2.1.8-gcc-11.2.0&ncview:netcdf-c/4.9.3pre-openmpi-4.1.6-nvhpc-23.9&netcdf-c'
+ export MODULES_LMCONFLICT
+ unset CDI_CHUNK_CACHE
+ HDF5_PLUGIN_PATH_modshare=/sw/spack-levante/netcdf-c-main-q3icox/plugins:1
+ export HDF5_PLUGIN_PATH_modshare
+ unset MODULES_LMALTNAME_modshare
+ MODULES_LMCONFLICT_modshare='iconeval/0.0.2&mambaforge:1:netcdf-c/4.9.3pre-openmpi-4.1.6-nvhpc-23.9&netcdf-c:1:texlive/live2021-gcc-11.2.0&texlive:1:nco/5.0.6-gcc-11.2.0&nco:1:ncview/2.1.8-gcc-11.2.0&ncview:1'
+ export MODULES_LMCONFLICT_modshare
+ unset PROJ_LIB
+ _LMFILES__modshare=/work/bd1179/modulefiles/iconeval/0.0.2:1:/sw/spack-levante/spack/modules/texlive/live2021-gcc-11.2.0:1:/sw/spack-levante/spack/modules/netcdf-c/4.9.3pre-openmpi-4.1.6-nvhpc-23.9:1:/sw/spack-levante/spack/modules/nco/5.0.6-gcc-11.2.0:1:/sw/spack-levante/spack/modules/ncview/2.1.8-gcc-11.2.0:1
+ export _LMFILES__modshare
+ CMAKE_PREFIX_PATH_modshare=/sw/spack-levante/netcdf-c-main-q3icox/.:1
+ export CMAKE_PREFIX_PATH_modshare
+ LOADEDMODULES_modshare=texlive/live2021-gcc-11.2.0:1:netcdf-c/4.9.3pre-openmpi-4.1.6-nvhpc-23.9:1:nco/5.0.6-gcc-11.2.0:1:ncview/2.1.8-gcc-11.2.0:1:iconeval/0.0.2:1
+ export LOADEDMODULES_modshare
+ PATH=/home/b/b309216/.vscode-server/cli/servers/Stable-b1c0a14de1414fcdaa400695b4db1c0799bc3124/server/bin/remote-cli:/sw/spack-levante/netcdf-c-main-q3icox/bin:/sw/spack-levante/ncview-2.1.8-metgtp/bin:/sw/spack-levante/nco-5.0.6-3xkdth/bin:/sw/spack-levante/texlive-live2021-l5o6sw/bin/x86_64-linux:/sw/spack-levante/texlive-live2021-l5o6sw/bin:/work/bd1179/iconeval/env/bin:/sw/bin:/sw/spack-workplace/spack/bin:/usr/share/Modules/bin:/home/b/b309216/mambaforge/bin:/home/b/b309216/mambaforge/condabin:/usr/local/bin:/usr/bin:/usr/local/sbin:/usr/sbin
+ export PATH
+ unset CDO_ICON_GRIDS
+ PATH_modshare=/sw/spack-workplace/spack/bin:1:/usr/bin:1:/work/bd1179/iconeval/env/bin:1:/usr/local/bin:1:/usr/share/Modules/bin:1:/sw/spack-levante/nco-5.0.6-3xkdth/bin:1:/home/b/b309216/.vscode-server/cli/servers/Stable-b1c0a14de1414fcdaa400695b4db1c0799bc3124/server/bin/remote-cli:1:/sw/spack-levante/netcdf-c-main-q3icox/bin:1:/home/b/b309216/mambaforge/bin:1:/sw/spack-levante/texlive-live2021-l5o6sw/bin/x86_64-linux:1:/sw/bin:1:/sw/spack-levante/ncview-2.1.8-metgtp/bin:1:/home/b/b309216/mambaforge/condabin:1:/usr/sbin:1:/sw/spack-levante/texlive-live2021-l5o6sw/bin:1:/usr/local/sbin:1
+ export PATH_modshare
+ test 0
+ _mlstatus=0
+ [ -n x ]
+ IFS=$' \t\n'
+ unset _mlre _mlv _mlrv _mlIFS
+ [ -n '' ]
+ unset _mlshdbg
+ return 0
+ module unload ncl
+ unset _mlshdbg
+ [ 0 '=' 1 ]
+ unset _mlre _mlIFS
+ [ -n x ]
+ _mlIFS=$' \t\n'
+ IFS=' '
+ [ LD_LIBRARY_PATH '=' LD_LIBRARY_PATH -a LD_LIBRARY_PATH '=' LD_LIBRARY_PATH ]
+ eval 'echo ${LD_LIBRARY_PATH+x}'
+ echo
+ [ -n '' ]
+ _mlrv=MODULES_RUNENV_LD_LIBRARY_PATH
+ eval 'echo ${MODULES_RUNENV_LD_LIBRARY_PATH:-}'
+ echo
+ _mlre=LD_LIBRARY_PATH=$'\'\' '
+ [ LD_PRELOAD '=' LD_PRELOAD -a LD_PRELOAD '=' LD_PRELOAD ]
+ eval 'echo ${LD_PRELOAD+x}'
+ echo
+ [ -n '' ]
+ _mlrv=MODULES_RUNENV_LD_PRELOAD
+ eval 'echo ${MODULES_RUNENV_LD_PRELOAD:-}'
+ echo
+ _mlre=LD_LIBRARY_PATH=$'\'\' LD_PRELOAD=\'\' '
+ [ -n LD_LIBRARY_PATH=$'\'\' LD_PRELOAD=\'\' ' ]
+ eval LD_LIBRARY_PATH=$'\'\'' LD_PRELOAD=$'\'\'' /usr/bin/tclsh /usr/share/Modules/libexec/modulecmd.tcl ksh '"$@"'
+ /usr/bin/tclsh /usr/share/Modules/libexec/modulecmd.tcl ksh unload ncl
+ LD_LIBRARY_PATH=''
+ LD_PRELOAD=''
+ eval
+ _mlstatus=0
+ [ -n x ]
+ IFS=$' \t\n'
+ unset _mlre _mlv _mlrv _mlIFS
+ [ -n '' ]
+ unset _mlshdbg
+ return 0
+ module load cdo/2.0.5-gcc-11.2.0 ncl/6.6.2-gcc-11.2.0
+ unset _mlshdbg
+ [ 0 '=' 1 ]
+ unset _mlre _mlIFS
+ [ -n x ]
+ _mlIFS=$' \t\n'
+ IFS=' '
+ [ LD_LIBRARY_PATH '=' LD_LIBRARY_PATH -a LD_LIBRARY_PATH '=' LD_LIBRARY_PATH ]
+ eval 'echo ${LD_LIBRARY_PATH+x}'
+ echo
+ [ -n '' ]
+ _mlrv=MODULES_RUNENV_LD_LIBRARY_PATH
+ eval 'echo ${MODULES_RUNENV_LD_LIBRARY_PATH:-}'
+ echo
+ _mlre=LD_LIBRARY_PATH=$'\'\' '
+ [ LD_PRELOAD '=' LD_PRELOAD -a LD_PRELOAD '=' LD_PRELOAD ]
+ eval 'echo ${LD_PRELOAD+x}'
+ echo
+ [ -n '' ]
+ _mlrv=MODULES_RUNENV_LD_PRELOAD
+ eval 'echo ${MODULES_RUNENV_LD_PRELOAD:-}'
+ echo
+ _mlre=LD_LIBRARY_PATH=$'\'\' LD_PRELOAD=\'\' '
+ [ -n LD_LIBRARY_PATH=$'\'\' LD_PRELOAD=\'\' ' ]
+ eval LD_LIBRARY_PATH=$'\'\'' LD_PRELOAD=$'\'\'' /usr/bin/tclsh /usr/share/Modules/libexec/modulecmd.tcl ksh '"$@"'
+ /usr/bin/tclsh /usr/share/Modules/libexec/modulecmd.tcl ksh load cdo/2.0.5-gcc-11.2.0 ncl/6.6.2-gcc-11.2.0
+ LD_LIBRARY_PATH=''
+ LD_PRELOAD=''
+ eval NCARG_ROOT_modshare='/sw/spack-levante/ncl-6.6.2-r3hsef:1;' export $'NCARG_ROOT_modshare;\nMANPATH=/sw/spack-levante/ncl-6.6.2-r3hsef/man:/sw/spack-levante/netcdf-c-main-q3icox/share/man:/sw/spack-levante/nco-5.0.6-3xkdth/share/man:/work/bd1179/iconeval/env/share/man:/work/bd1179/iconeval/env/man::;' export $'MANPATH;\nLOADEDMODULES=iconeval/0.0.2:texlive/live2021-gcc-11.2.0:nco/5.0.6-gcc-11.2.0:ncview/2.1.8-gcc-11.2.0:netcdf-c/4.9.3pre-openmpi-4.1.6-nvhpc-23.9:cdo/2.0.5-gcc-11.2.0:ncl/6.6.2-gcc-11.2.0;' export $'LOADEDMODULES;\n_LMFILES_=/work/bd1179/modulefiles/iconeval/0.0.2:/sw/spack-levante/spack/modules/texlive/live2021-gcc-11.2.0:/sw/spack-levante/spack/modules/nco/5.0.6-gcc-11.2.0:/sw/spack-levante/spack/modules/ncview/2.1.8-gcc-11.2.0:/sw/spack-levante/spack/modules/netcdf-c/4.9.3pre-openmpi-4.1.6-nvhpc-23.9:/sw/spack-levante/spack/modules/cdo/2.0.5-gcc-11.2.0:/sw/spack-levante/spack/modules/ncl/6.6.2-gcc-11.2.0;' export $'_LMFILES_;\nMODULES_LMCONFLICT=iconeval/0.0.2\\&mambaforge:texlive/live2021-gcc-11.2.0\\&texlive:nco/5.0.6-gcc-11.2.0\\&nco:ncview/2.1.8-gcc-11.2.0\\&ncview:netcdf-c/4.9.3pre-openmpi-4.1.6-nvhpc-23.9\\&netcdf-c:cdo/2.0.5-gcc-11.2.0\\&cdo:ncl/6.6.2-gcc-11.2.0\\&ncl;' export $'MODULES_LMCONFLICT;\nMANPATH_modshare=/sw/spack-levante/ncl-6.6.2-r3hsef/man:2:/sw/spack-levante/netcdf-c-main-q3icox/share/man:1:/work/bd1179/iconeval/env/man:1::2:/sw/spack-levante/nco-5.0.6-3xkdth/share/man:1:/work/bd1179/iconeval/env/share/man:1;' export $'MANPATH_modshare;\nMODULES_LMCONFLICT_modshare=ncl/6.6.2-gcc-11.2.0\\&ncl:1:iconeval/0.0.2\\&mambaforge:1:netcdf-c/4.9.3pre-openmpi-4.1.6-nvhpc-23.9\\&netcdf-c:1:texlive/live2021-gcc-11.2.0\\&texlive:1:nco/5.0.6-gcc-11.2.0\\&nco:1:ncview/2.1.8-gcc-11.2.0\\&ncview:1:cdo/2.0.5-gcc-11.2.0\\&cdo:1;' export $'MODULES_LMCONFLICT_modshare;\nNCARG_ROOT=/sw/spack-levante/ncl-6.6.2-r3hsef;' export $'NCARG_ROOT;\nPROJ_LIB=/sw/spack-levante/proj-8.1.0-i6a6ah/share/proj;' export $'PROJ_LIB;\nLOADEDMODULES_modshare=texlive/live2021-gcc-11.2.0:1:netcdf-c/4.9.3pre-openmpi-4.1.6-nvhpc-23.9:1:ncl/6.6.2-gcc-11.2.0:1:nco/5.0.6-gcc-11.2.0:1:ncview/2.1.8-gcc-11.2.0:1:iconeval/0.0.2:1:cdo/2.0.5-gcc-11.2.0:1;' export $'LOADEDMODULES_modshare;\n_LMFILES__modshare=/sw/spack-levante/spack/modules/cdo/2.0.5-gcc-11.2.0:1:/work/bd1179/modulefiles/iconeval/0.0.2:1:/sw/spack-levante/spack/modules/texlive/live2021-gcc-11.2.0:1:/sw/spack-levante/spack/modules/netcdf-c/4.9.3pre-openmpi-4.1.6-nvhpc-23.9:1:/sw/spack-levante/spack/modules/ncl/6.6.2-gcc-11.2.0:1:/sw/spack-levante/spack/modules/nco/5.0.6-gcc-11.2.0:1:/sw/spack-levante/spack/modules/ncview/2.1.8-gcc-11.2.0:1;' export $'_LMFILES__modshare;\nPATH=/sw/spack-levante/ncl-6.6.2-r3hsef/bin:/sw/spack-levante/cdo-2.0.5-5fascj/bin:/home/b/b309216/.vscode-server/cli/servers/Stable-b1c0a14de1414fcdaa400695b4db1c0799bc3124/server/bin/remote-cli:/sw/spack-levante/netcdf-c-main-q3icox/bin:/sw/spack-levante/ncview-2.1.8-metgtp/bin:/sw/spack-levante/nco-5.0.6-3xkdth/bin:/sw/spack-levante/texlive-live2021-l5o6sw/bin/x86_64-linux:/sw/spack-levante/texlive-live2021-l5o6sw/bin:/work/bd1179/iconeval/env/bin:/sw/bin:/sw/spack-workplace/spack/bin:/usr/share/Modules/bin:/home/b/b309216/mambaforge/bin:/home/b/b309216/mambaforge/condabin:/usr/local/bin:/usr/bin:/usr/local/sbin:/usr/sbin;' export $'PATH;\nPATH_modshare=/sw/spack-workplace/spack/bin:1:/sw/spack-levante/ncl-6.6.2-r3hsef/bin:1:/usr/bin:1:/work/bd1179/iconeval/env/bin:1:/usr/local/bin:1:/usr/share/Modules/bin:1:/sw/spack-levante/nco-5.0.6-3xkdth/bin:1:/home/b/b309216/.vscode-server/cli/servers/Stable-b1c0a14de1414fcdaa400695b4db1c0799bc3124/server/bin/remote-cli:1:/sw/spack-levante/netcdf-c-main-q3icox/bin:1:/home/b/b309216/mambaforge/bin:1:/sw/spack-levante/texlive-live2021-l5o6sw/bin/x86_64-linux:1:/sw/bin:1:/sw/spack-levante/ncview-2.1.8-metgtp/bin:1:/sw/spack-levante/cdo-2.0.5-5fascj/bin:1:/home/b/b309216/mambaforge/condabin:1:/usr/sbin:1:/sw/spack-levante/texlive-live2021-l5o6sw/bin:1:/usr/local/sbin:1;' export $'PATH_modshare;\ntest' '0;'
+ NCARG_ROOT_modshare=/sw/spack-levante/ncl-6.6.2-r3hsef:1
+ export NCARG_ROOT_modshare
+ MANPATH=/sw/spack-levante/ncl-6.6.2-r3hsef/man:/sw/spack-levante/netcdf-c-main-q3icox/share/man:/sw/spack-levante/nco-5.0.6-3xkdth/share/man:/work/bd1179/iconeval/env/share/man:/work/bd1179/iconeval/env/man::
+ export MANPATH
+ LOADEDMODULES=iconeval/0.0.2:texlive/live2021-gcc-11.2.0:nco/5.0.6-gcc-11.2.0:ncview/2.1.8-gcc-11.2.0:netcdf-c/4.9.3pre-openmpi-4.1.6-nvhpc-23.9:cdo/2.0.5-gcc-11.2.0:ncl/6.6.2-gcc-11.2.0
+ export LOADEDMODULES
+ _LMFILES_=/work/bd1179/modulefiles/iconeval/0.0.2:/sw/spack-levante/spack/modules/texlive/live2021-gcc-11.2.0:/sw/spack-levante/spack/modules/nco/5.0.6-gcc-11.2.0:/sw/spack-levante/spack/modules/ncview/2.1.8-gcc-11.2.0:/sw/spack-levante/spack/modules/netcdf-c/4.9.3pre-openmpi-4.1.6-nvhpc-23.9:/sw/spack-levante/spack/modules/cdo/2.0.5-gcc-11.2.0:/sw/spack-levante/spack/modules/ncl/6.6.2-gcc-11.2.0
+ export _LMFILES_
+ MODULES_LMCONFLICT='iconeval/0.0.2&mambaforge:texlive/live2021-gcc-11.2.0&texlive:nco/5.0.6-gcc-11.2.0&nco:ncview/2.1.8-gcc-11.2.0&ncview:netcdf-c/4.9.3pre-openmpi-4.1.6-nvhpc-23.9&netcdf-c:cdo/2.0.5-gcc-11.2.0&cdo:ncl/6.6.2-gcc-11.2.0&ncl'
+ export MODULES_LMCONFLICT
+ MANPATH_modshare=/sw/spack-levante/ncl-6.6.2-r3hsef/man:2:/sw/spack-levante/netcdf-c-main-q3icox/share/man:1:/work/bd1179/iconeval/env/man:1::2:/sw/spack-levante/nco-5.0.6-3xkdth/share/man:1:/work/bd1179/iconeval/env/share/man:1
+ export MANPATH_modshare
+ MODULES_LMCONFLICT_modshare='ncl/6.6.2-gcc-11.2.0&ncl:1:iconeval/0.0.2&mambaforge:1:netcdf-c/4.9.3pre-openmpi-4.1.6-nvhpc-23.9&netcdf-c:1:texlive/live2021-gcc-11.2.0&texlive:1:nco/5.0.6-gcc-11.2.0&nco:1:ncview/2.1.8-gcc-11.2.0&ncview:1:cdo/2.0.5-gcc-11.2.0&cdo:1'
+ export MODULES_LMCONFLICT_modshare
+ NCARG_ROOT=/sw/spack-levante/ncl-6.6.2-r3hsef
+ export NCARG_ROOT
+ PROJ_LIB=/sw/spack-levante/proj-8.1.0-i6a6ah/share/proj
+ export PROJ_LIB
+ LOADEDMODULES_modshare=texlive/live2021-gcc-11.2.0:1:netcdf-c/4.9.3pre-openmpi-4.1.6-nvhpc-23.9:1:ncl/6.6.2-gcc-11.2.0:1:nco/5.0.6-gcc-11.2.0:1:ncview/2.1.8-gcc-11.2.0:1:iconeval/0.0.2:1:cdo/2.0.5-gcc-11.2.0:1
+ export LOADEDMODULES_modshare
+ _LMFILES__modshare=/sw/spack-levante/spack/modules/cdo/2.0.5-gcc-11.2.0:1:/work/bd1179/modulefiles/iconeval/0.0.2:1:/sw/spack-levante/spack/modules/texlive/live2021-gcc-11.2.0:1:/sw/spack-levante/spack/modules/netcdf-c/4.9.3pre-openmpi-4.1.6-nvhpc-23.9:1:/sw/spack-levante/spack/modules/ncl/6.6.2-gcc-11.2.0:1:/sw/spack-levante/spack/modules/nco/5.0.6-gcc-11.2.0:1:/sw/spack-levante/spack/modules/ncview/2.1.8-gcc-11.2.0:1
+ export _LMFILES__modshare
+ PATH=/sw/spack-levante/ncl-6.6.2-r3hsef/bin:/sw/spack-levante/cdo-2.0.5-5fascj/bin:/home/b/b309216/.vscode-server/cli/servers/Stable-b1c0a14de1414fcdaa400695b4db1c0799bc3124/server/bin/remote-cli:/sw/spack-levante/netcdf-c-main-q3icox/bin:/sw/spack-levante/ncview-2.1.8-metgtp/bin:/sw/spack-levante/nco-5.0.6-3xkdth/bin:/sw/spack-levante/texlive-live2021-l5o6sw/bin/x86_64-linux:/sw/spack-levante/texlive-live2021-l5o6sw/bin:/work/bd1179/iconeval/env/bin:/sw/bin:/sw/spack-workplace/spack/bin:/usr/share/Modules/bin:/home/b/b309216/mambaforge/bin:/home/b/b309216/mambaforge/condabin:/usr/local/bin:/usr/bin:/usr/local/sbin:/usr/sbin
+ export PATH
+ PATH_modshare=/sw/spack-workplace/spack/bin:1:/sw/spack-levante/ncl-6.6.2-r3hsef/bin:1:/usr/bin:1:/work/bd1179/iconeval/env/bin:1:/usr/local/bin:1:/usr/share/Modules/bin:1:/sw/spack-levante/nco-5.0.6-3xkdth/bin:1:/home/b/b309216/.vscode-server/cli/servers/Stable-b1c0a14de1414fcdaa400695b4db1c0799bc3124/server/bin/remote-cli:1:/sw/spack-levante/netcdf-c-main-q3icox/bin:1:/home/b/b309216/mambaforge/bin:1:/sw/spack-levante/texlive-live2021-l5o6sw/bin/x86_64-linux:1:/sw/bin:1:/sw/spack-levante/ncview-2.1.8-metgtp/bin:1:/sw/spack-levante/cdo-2.0.5-5fascj/bin:1:/home/b/b309216/mambaforge/condabin:1:/usr/sbin:1:/sw/spack-levante/texlive-live2021-l5o6sw/bin:1:/usr/local/sbin:1
+ export PATH_modshare
+ test 0
+ _mlstatus=0
+ [ -n x ]
+ IFS=$' \t\n'
+ unset _mlre _mlv _mlrv _mlIFS
+ [ -n '' ]
+ unset _mlshdbg
+ return 0
+ which cdo
+ which ncl
+ [ 1 '=' 1 ]
+ echo '####################################################'
+ echo run TABLE script
+ echo '#####################################################'
+ /work/bd1179/b309216/icon/ICON-2.6.4/icon-tuning-analysis/Postprocessing_PaperExample/3-make-tables/TABLE.job ANN EXP_1979-1980_nrun_1-PaperExample_R2B5_POST_1979-1980_ANN_global 1979-1980_nrun_1-PaperExample /scratch/b/b309216/tmp/icon/tuning/processed
+ TYP=ANN
+ NAME=EXP_1979-1980_nrun_1-PaperExample_R2B5_POST_1979-1980_ANN_global
+ EXP=1979-1980_nrun_1-PaperExample
+ DATDIR=/scratch/b/b309216/tmp/icon/tuning/processed
+ echo TYP path ANN
+ echo DIR path /scratch/b/b309216/tmp/icon/tuning/processed
+ echo QUELLE path /work/bd1179/b309216/icon/ICON-2.6.4/icon-tuning-analysis/Postprocessing_PaperExample/3-make-tables/
+ echo PLTDIR path /work/bd1179/b309216/icon/ICON-2.6.4/icon-tuning-analysis/Postprocessing_PaperExample/tables/EXP_1979-1980_nrun_1-PaperExample_R2B5_POST_1979-1980_ANN_global_10092024_150537
+ atm_phy=busy_atm_phy
+ cdo copy /scratch/b/b309216/tmp/icon/tuning/processed/EXP_1979-1980_nrun_1-PaperExample_R2B5_POST_1979-1980_ANN_global_atm_2d_ml.nc busy_atm_phy
+ Varname=rlnt
+ cdo -s showvar -selvar,rlnt busy_atm_phy
cdo(1) selname (Warning): Variable name rlnt not found!

cdo(1) selname (Abort): No variables selected!
+ cdo -s showvar -selvar,rlut busy_atm_phy
+ cdo 'aexpr,rlnt=(-1)*rlut' busy_atm_phy busy
+ cdo copy busy busy_atm_phy
+ rm busy
+ Varname=rsnt
+ cdo -s showvar -selvar,rsnt busy_atm_phy
cdo(1) selname (Warning): Variable name rsnt not found!

cdo(1) selname (Abort): No variables selected!
terminate called without an active exception
/work/bd1179/b309216/icon/ICON-2.6.4/icon-tuning-analysis/Postprocessing_PaperExample/3-make-tables/TABLE.job: line 67: 556415 Aborted                 cdo -s showvar -selvar,${Varname} $atm_phy > /dev/null
+ cdo -s showvar -selvar,rsut busy_atm_phy
+ cdo -s showvar -selvar,rsdt busy_atm_phy
+ cdo aexpr,rsnt=rsdt-rsut busy_atm_phy busy
+ cdo copy busy busy_atm_phy
+ rm busy
+ Varname=rsns
+ cdo -s showvar -selvar,rsns busy_atm_phy
cdo(1) selname (Warning): Variable name rsns not found!

cdo(1) selname (Abort): No variables selected!
terminate called without an active exception
/work/bd1179/b309216/icon/ICON-2.6.4/icon-tuning-analysis/Postprocessing_PaperExample/3-make-tables/TABLE.job: line 93: 556424 Aborted                 cdo -s showvar -selvar,${Varname} $atm_phy > /dev/null
+ cdo -s showvar -selvar,rsus busy_atm_phy
+ cdo -s showvar -selvar,rsds busy_atm_phy
+ cdo aexpr,rsns=rsds-rsus busy_atm_phy busy
+ cdo copy busy busy_atm_phy
+ rm busy
+ Varname=rlns
+ cdo -s showvar -selvar,rlns busy_atm_phy
cdo(1) selname (Warning): Variable name rlns not found!

cdo(1) selname (Abort): No variables selected!
terminate called without an active exception
/work/bd1179/b309216/icon/ICON-2.6.4/icon-tuning-analysis/Postprocessing_PaperExample/3-make-tables/TABLE.job: line 119: 556433 Aborted                 cdo -s showvar -selvar,${Varname} $atm_phy > /dev/null
+ cdo -s showvar -selvar,rlus busy_atm_phy
+ cdo -s showvar -selvar,rlds busy_atm_phy
+ cdo aexpr,rlns=rlds-rlus busy_atm_phy busy
+ cdo copy busy busy_atm_phy
+ rm busy
+ Varname=aprl
+ cdo -s showvar -selvar,aprl busy_atm_phy
cdo(1) selname (Warning): Variable name aprl not found!

cdo(1) selname (Abort): No variables selected!
terminate called without an active exception
/work/bd1179/b309216/icon/ICON-2.6.4/icon-tuning-analysis/Postprocessing_PaperExample/3-make-tables/TABLE.job: line 143: 556442 Aborted                 cdo -s showvar -selvar,${Varname} $atm_phy > /dev/null
+ cdo -s showvar -selvar,prlr busy_atm_phy
+ cdo -s showvar -selvar,prls busy_atm_phy
+ cdo aexpr,aprl=prlr+prls busy_atm_phy busy
+ cdo copy busy busy_atm_phy
+ rm busy
+ Varname=aprc
+ cdo -s showvar -selvar,aprc busy_atm_phy
cdo(1) selname (Warning): Variable name aprc not found!

cdo(1) selname (Abort): No variables selected!
terminate called without an active exception
/work/bd1179/b309216/icon/ICON-2.6.4/icon-tuning-analysis/Postprocessing_PaperExample/3-make-tables/TABLE.job: line 168: 556451 Aborted                 cdo -s showvar -selvar,${Varname} $atm_phy > /dev/null
+ cdo -s showvar -selvar,prcr busy_atm_phy
+ cdo -s showvar -selvar,prcs busy_atm_phy
+ cdo aexpr,aprc=prcr+prcs busy_atm_phy busy
+ cdo copy busy busy_atm_phy
+ rm busy
+ Varname=net_flux
+ cdo -s showvar -selvar,hfss busy_atm_phy
+ cdo -s showvar -selvar,hfls busy_atm_phy
+ cdo -s showvar -selvar,rsns busy_atm_phy
+ cdo -s showvar -selvar,rlns busy_atm_phy
+ cdo aexpr,net_flux=rsds-rsus+rlds-rlus+hfls+hfss busy_atm_phy busy
+ cdo copy busy busy_atm_phy
+ Varname=sclf0
+ cdo -s showvar -selvar,rsut busy_atm_phy
+ cdo -s showvar -selvar,rsutcs busy_atm_phy
+ cdo aexpr,sclf0=rsutcs-rsut busy_atm_phy busy
+ cdo copy busy busy_atm_phy
+ Cvar=P_E
+ cdo -s showvar -selvar,pr busy_atm_phy
+ cdo -s showvar -selvar,evspsbl busy_atm_phy
+ cdo '-aexpr,P_E= pr+evspsbl' busy_atm_phy busy
+ cdo copy busy busy_atm_phy
+ cdo copy busy_atm_phy busy_atm_phy.nc
+ source /etc/profile.d/modules.sh
++ '[' -n /bin/sh ']'
++ '[' sh = sh ']'
++ shell=sh
++ '[' -f /usr/share/Modules/init/sh ']'
++ . /usr/share/Modules/init/sh
+++ unset _mlshdbg
+++ '[' 0 = 1 ']'
+++ export 'MODULES_RUN_QUARANTINE=LD_LIBRARY_PATH LD_PRELOAD'
+++ MODULES_RUN_QUARANTINE='LD_LIBRARY_PATH LD_PRELOAD'
+++ unset _mlre _mlIFS
+++ '[' -n x ']'
+++ _mlIFS=' 	
'
+++ IFS=' '
+++ for _mlv in ${MODULES_RUN_QUARANTINE:-}
+++ '[' LD_LIBRARY_PATH = LD_LIBRARY_PATH -a LD_LIBRARY_PATH = LD_LIBRARY_PATH ']'
++++ eval 'echo ${LD_LIBRARY_PATH+x}'
+++++ echo
+++ '[' -n '' ']'
+++ _mlrv=MODULES_RUNENV_LD_LIBRARY_PATH
++++ eval 'echo ${MODULES_RUNENV_LD_LIBRARY_PATH:-}'
+++++ echo
+++ _mlre='LD_LIBRARY_PATH='\'''\'' '
+++ for _mlv in ${MODULES_RUN_QUARANTINE:-}
+++ '[' LD_PRELOAD = LD_PRELOAD -a LD_PRELOAD = LD_PRELOAD ']'
++++ eval 'echo ${LD_PRELOAD+x}'
+++++ echo
+++ '[' -n '' ']'
+++ _mlrv=MODULES_RUNENV_LD_PRELOAD
++++ eval 'echo ${MODULES_RUNENV_LD_PRELOAD:-}'
+++++ echo
+++ _mlre='LD_LIBRARY_PATH='\'''\'' LD_PRELOAD='\'''\'' '
+++ '[' -n 'LD_LIBRARY_PATH='\'''\'' LD_PRELOAD='\'''\'' ' ']'
+++ _mlre='eval LD_LIBRARY_PATH='\'''\'' LD_PRELOAD='\'''\'' '
++++ eval 'LD_LIBRARY_PATH='\'''\''' 'LD_PRELOAD='\'''\''' /usr/bin/tclsh /usr/share/Modules/libexec/modulecmd.tcl sh autoinit
+++++ LD_LIBRARY_PATH=
+++++ LD_PRELOAD=
+++++ /usr/bin/tclsh /usr/share/Modules/libexec/modulecmd.tcl sh autoinit
+++ _mlcode='module() {
   unset _mlshdbg;
   if [ "${MODULES_SILENT_SHELL_DEBUG:-0}" = '\''1'\'' ]; then
      case "$-" in
         *v*x*) set +vx; _mlshdbg='\''vx'\'' ;;
         *v*) set +v; _mlshdbg='\''v'\'' ;;
         *x*) set +x; _mlshdbg='\''x'\'' ;;
         *) _mlshdbg='\'''\'' ;;
      esac;
   fi;
   unset _mlre _mlIFS;
   if [ -n "${IFS+x}" ]; then
      _mlIFS=$IFS;
   fi;
   IFS='\'' '\'';
   for _mlv in ${MODULES_RUN_QUARANTINE:-}; do
      if [ "${_mlv}" = "${_mlv##*[!A-Za-z0-9_]}" -a "${_mlv}" = "${_mlv#[0-9]}" ]; then
         if [ -n "`eval '\''echo ${'\''$_mlv'\''+x}'\''`" ]; then
            _mlre="${_mlre:-}${_mlv}_modquar='\''`eval '\''echo ${'\''$_mlv'\''}'\''`'\'' ";
         fi;
         _mlrv="MODULES_RUNENV_${_mlv}";
         _mlre="${_mlre:-}${_mlv}='\''`eval '\''echo ${'\''$_mlrv'\'':-}'\''`'\'' ";
      fi;
   done;
   if [ -n "${_mlre:-}" ]; then
      eval `eval ${_mlre} /usr/bin/tclsh /usr/share/Modules/libexec/modulecmd.tcl sh '\''"$@"'\''`;
   else
      eval `/usr/bin/tclsh /usr/share/Modules/libexec/modulecmd.tcl sh "$@"`;
   fi;
   _mlstatus=$?;
   if [ -n "${_mlIFS+x}" ]; then
      IFS=$_mlIFS;
   else
      unset IFS;
   fi;
   unset _mlre _mlv _mlrv _mlIFS;
   if [ -n "${_mlshdbg:-}" ]; then
      set -$_mlshdbg;
   fi;
   unset _mlshdbg;
   return $_mlstatus;
};
ml() { module ml "$@"; };
MODULES_CMD=/usr/share/Modules/libexec/modulecmd.tcl; export MODULES_CMD;
MODULESHOME=/usr/share/Modules; export MODULESHOME;
test 0;'
+++ _mlret=0
+++ '[' -n x ']'
+++ IFS=' 	
'
+++ unset _mlIFS
+++ unset _mlre _mlv _mlrv
+++ '[' 0 -eq 0 ']'
+++ eval 'module() {
   unset _mlshdbg;
   if [ "${MODULES_SILENT_SHELL_DEBUG:-0}" = '\''1'\'' ]; then
      case "$-" in
         *v*x*) set +vx; _mlshdbg='\''vx'\'' ;;
         *v*) set +v; _mlshdbg='\''v'\'' ;;
         *x*) set +x; _mlshdbg='\''x'\'' ;;
         *) _mlshdbg='\'''\'' ;;
      esac;
   fi;
   unset _mlre _mlIFS;
   if [ -n "${IFS+x}" ]; then
      _mlIFS=$IFS;
   fi;
   IFS='\'' '\'';
   for _mlv in ${MODULES_RUN_QUARANTINE:-}; do
      if [ "${_mlv}" = "${_mlv##*[!A-Za-z0-9_]}" -a "${_mlv}" = "${_mlv#[0-9]}" ]; then
         if [ -n "`eval '\''echo ${'\''$_mlv'\''+x}'\''`" ]; then
            _mlre="${_mlre:-}${_mlv}_modquar='\''`eval '\''echo ${'\''$_mlv'\''}'\''`'\'' ";
         fi;
         _mlrv="MODULES_RUNENV_${_mlv}";
         _mlre="${_mlre:-}${_mlv}='\''`eval '\''echo ${'\''$_mlrv'\'':-}'\''`'\'' ";
      fi;
   done;
   if [ -n "${_mlre:-}" ]; then
      eval `eval ${_mlre} /usr/bin/tclsh /usr/share/Modules/libexec/modulecmd.tcl sh '\''"$@"'\''`;
   else
      eval `/usr/bin/tclsh /usr/share/Modules/libexec/modulecmd.tcl sh "$@"`;
   fi;
   _mlstatus=$?;
   if [ -n "${_mlIFS+x}" ]; then
      IFS=$_mlIFS;
   else
      unset IFS;
   fi;
   unset _mlre _mlv _mlrv _mlIFS;
   if [ -n "${_mlshdbg:-}" ]; then
      set -$_mlshdbg;
   fi;
   unset _mlshdbg;
   return $_mlstatus;
};
ml() { module ml "$@"; };
MODULES_CMD=/usr/share/Modules/libexec/modulecmd.tcl; export MODULES_CMD;
MODULESHOME=/usr/share/Modules; export MODULESHOME;
test 0;'
++++ MODULES_CMD=/usr/share/Modules/libexec/modulecmd.tcl
++++ export MODULES_CMD
++++ MODULESHOME=/usr/share/Modules
++++ export MODULESHOME
++++ test 0
+++ '[' 0 = 1 ']'
+++ '[' /bin/sh '!=' '' ']'
+++ '[' -t 2 ']'
+++ export -f module
++++ type -t ml
+++ '[' function = function ']'
+++ export -f ml
+++ '[' /bin/sh '!=' '' ']'
+++ export -f switchml
+++ case ":$PATH:" in
+++ '[' '!' -n x ']'
+++ case ":`manpath 2>/dev/null`:" in
++++ manpath
+++ unset _mlcode _mlret
+++ '[' -n '' ']'
+ module load ncl
+ unset _mlshdbg
+ '[' 0 = 1 ']'
+ unset _mlre _mlIFS
+ '[' -n x ']'
+ _mlIFS=' 	
'
+ IFS=' '
+ for _mlv in ${MODULES_RUN_QUARANTINE:-}
+ '[' LD_LIBRARY_PATH = LD_LIBRARY_PATH -a LD_LIBRARY_PATH = LD_LIBRARY_PATH ']'
++ eval 'echo ${LD_LIBRARY_PATH+x}'
+++ echo
+ '[' -n '' ']'
+ _mlrv=MODULES_RUNENV_LD_LIBRARY_PATH
++ eval 'echo ${MODULES_RUNENV_LD_LIBRARY_PATH:-}'
+++ echo
+ _mlre='LD_LIBRARY_PATH='\'''\'' '
+ for _mlv in ${MODULES_RUN_QUARANTINE:-}
+ '[' LD_PRELOAD = LD_PRELOAD -a LD_PRELOAD = LD_PRELOAD ']'
++ eval 'echo ${LD_PRELOAD+x}'
+++ echo
+ '[' -n '' ']'
+ _mlrv=MODULES_RUNENV_LD_PRELOAD
++ eval 'echo ${MODULES_RUNENV_LD_PRELOAD:-}'
+++ echo
+ _mlre='LD_LIBRARY_PATH='\'''\'' LD_PRELOAD='\'''\'' '
+ '[' -n 'LD_LIBRARY_PATH='\'''\'' LD_PRELOAD='\'''\'' ' ']'
++ eval 'LD_LIBRARY_PATH='\'''\''' 'LD_PRELOAD='\'''\''' /usr/bin/tclsh /usr/share/Modules/libexec/modulecmd.tcl sh '"$@"'
+++ LD_LIBRARY_PATH=
+++ LD_PRELOAD=
+++ /usr/bin/tclsh /usr/share/Modules/libexec/modulecmd.tcl sh load ncl
+ eval
+ _mlstatus=0
+ '[' -n x ']'
+ IFS=' 	
'
+ unset _mlre _mlv _mlrv _mlIFS
+ '[' -n '' ']'
+ unset _mlshdbg
+ return 0
+ nclsh /work/bd1179/b309216/icon/ICON-2.6.4/icon-tuning-analysis/Postprocessing_PaperExample/3-make-tables//table.ncl -pltdir=/work/bd1179/b309216/icon/ICON-2.6.4/icon-tuning-analysis/Postprocessing_PaperExample/tables/EXP_1979-1980_nrun_1-PaperExample_R2B5_POST_1979-1980_ANN_global_10092024_150537 -quelle=/work/bd1179/b309216/icon/ICON-2.6.4/icon-tuning-analysis/Postprocessing_PaperExample/3-make-tables/
+ which ncl
+ alias
+ eval declare -f
++ declare -f
+ /usr/bin/which --tty-only --read-alias --read-functions --show-tilde --show-dot ncl
+ module load enscript
+ unset _mlshdbg
+ '[' 0 = 1 ']'
+ unset _mlre _mlIFS
+ '[' -n x ']'
+ _mlIFS=' 	
'
+ IFS=' '
+ for _mlv in ${MODULES_RUN_QUARANTINE:-}
+ '[' LD_LIBRARY_PATH = LD_LIBRARY_PATH -a LD_LIBRARY_PATH = LD_LIBRARY_PATH ']'
++ eval 'echo ${LD_LIBRARY_PATH+x}'
+++ echo
+ '[' -n '' ']'
+ _mlrv=MODULES_RUNENV_LD_LIBRARY_PATH
++ eval 'echo ${MODULES_RUNENV_LD_LIBRARY_PATH:-}'
+++ echo
+ _mlre='LD_LIBRARY_PATH='\'''\'' '
+ for _mlv in ${MODULES_RUN_QUARANTINE:-}
+ '[' LD_PRELOAD = LD_PRELOAD -a LD_PRELOAD = LD_PRELOAD ']'
++ eval 'echo ${LD_PRELOAD+x}'
+++ echo
+ '[' -n '' ']'
+ _mlrv=MODULES_RUNENV_LD_PRELOAD
++ eval 'echo ${MODULES_RUNENV_LD_PRELOAD:-}'
+++ echo
+ _mlre='LD_LIBRARY_PATH='\'''\'' LD_PRELOAD='\'''\'' '
+ '[' -n 'LD_LIBRARY_PATH='\'''\'' LD_PRELOAD='\'''\'' ' ']'
++ eval 'LD_LIBRARY_PATH='\'''\''' 'LD_PRELOAD='\'''\''' /usr/bin/tclsh /usr/share/Modules/libexec/modulecmd.tcl sh '"$@"'
+++ LD_LIBRARY_PATH=
+++ LD_PRELOAD=
+++ /usr/bin/tclsh /usr/share/Modules/libexec/modulecmd.tcl sh load enscript
+ eval '_LMFILES__modshare=/sw/spack-levante/spack/modules/enscript/1.6.6-gcc-11.2.0:1:/sw/spack-levante/spack/modules/cdo/2.0.5-gcc-11.2.0:1:/work/bd1179/modulefiles/iconeval/0.0.2:1:/sw/spack-levante/spack/modules/texlive/live2021-gcc-11.2.0:1:/sw/spack-levante/spack/modules/netcdf-c/4.9.3pre-openmpi-4.1.6-nvhpc-23.9:1:/sw/spack-levante/spack/modules/nco/5.0.6-gcc-11.2.0:1:/sw/spack-levante/spack/modules/ncview/2.1.8-gcc-11.2.0:1:/sw/spack-levante/spack/modules/ncl/6.6.2-gcc-11.2.0:1;' export '_LMFILES__modshare;
LOADEDMODULES_modshare=texlive/live2021-gcc-11.2.0:1:netcdf-c/4.9.3pre-openmpi-4.1.6-nvhpc-23.9:1:nco/5.0.6-gcc-11.2.0:1:ncview/2.1.8-gcc-11.2.0:1:ncl/6.6.2-gcc-11.2.0:1:iconeval/0.0.2:1:enscript/1.6.6-gcc-11.2.0:1:cdo/2.0.5-gcc-11.2.0:1;' export 'LOADEDMODULES_modshare;
MODULES_LMCONFLICT_modshare=ncl/6.6.2-gcc-11.2.0\&ncl:1:enscript/1.6.6-gcc-11.2.0\&enscript:1:iconeval/0.0.2\&mambaforge:1:netcdf-c/4.9.3pre-openmpi-4.1.6-nvhpc-23.9\&netcdf-c:1:texlive/live2021-gcc-11.2.0\&texlive:1:nco/5.0.6-gcc-11.2.0\&nco:1:ncview/2.1.8-gcc-11.2.0\&ncview:1:cdo/2.0.5-gcc-11.2.0\&cdo:1;' export 'MODULES_LMCONFLICT_modshare;
MANPATH=/sw/spack-levante/enscript-1.6.6-euopa3/share/man:/sw/spack-levante/ncl-6.6.2-r3hsef/man:/sw/spack-levante/netcdf-c-main-q3icox/share/man:/sw/spack-levante/nco-5.0.6-3xkdth/share/man:/work/bd1179/iconeval/env/share/man:/work/bd1179/iconeval/env/man::;' export 'MANPATH;
PATH=/sw/spack-levante/enscript-1.6.6-euopa3/bin:/sw/spack-levante/ncl-6.6.2-r3hsef/bin:/sw/spack-levante/cdo-2.0.5-5fascj/bin:/home/b/b309216/.vscode-server/cli/servers/Stable-b1c0a14de1414fcdaa400695b4db1c0799bc3124/server/bin/remote-cli:/sw/spack-levante/netcdf-c-main-q3icox/bin:/sw/spack-levante/ncview-2.1.8-metgtp/bin:/sw/spack-levante/nco-5.0.6-3xkdth/bin:/sw/spack-levante/texlive-live2021-l5o6sw/bin/x86_64-linux:/sw/spack-levante/texlive-live2021-l5o6sw/bin:/work/bd1179/iconeval/env/bin:/sw/bin:/sw/spack-workplace/spack/bin:/usr/share/Modules/bin:/home/b/b309216/mambaforge/bin:/home/b/b309216/mambaforge/condabin:/usr/local/bin:/usr/bin:/usr/local/sbin:/usr/sbin;' export 'PATH;
_LMFILES_=/work/bd1179/modulefiles/iconeval/0.0.2:/sw/spack-levante/spack/modules/texlive/live2021-gcc-11.2.0:/sw/spack-levante/spack/modules/nco/5.0.6-gcc-11.2.0:/sw/spack-levante/spack/modules/ncview/2.1.8-gcc-11.2.0:/sw/spack-levante/spack/modules/netcdf-c/4.9.3pre-openmpi-4.1.6-nvhpc-23.9:/sw/spack-levante/spack/modules/cdo/2.0.5-gcc-11.2.0:/sw/spack-levante/spack/modules/ncl/6.6.2-gcc-11.2.0:/sw/spack-levante/spack/modules/enscript/1.6.6-gcc-11.2.0;' export '_LMFILES_;
LOADEDMODULES=iconeval/0.0.2:texlive/live2021-gcc-11.2.0:nco/5.0.6-gcc-11.2.0:ncview/2.1.8-gcc-11.2.0:netcdf-c/4.9.3pre-openmpi-4.1.6-nvhpc-23.9:cdo/2.0.5-gcc-11.2.0:ncl/6.6.2-gcc-11.2.0:enscript/1.6.6-gcc-11.2.0;' export 'LOADEDMODULES;
MODULES_LMCONFLICT=iconeval/0.0.2\&mambaforge:texlive/live2021-gcc-11.2.0\&texlive:nco/5.0.6-gcc-11.2.0\&nco:ncview/2.1.8-gcc-11.2.0\&ncview:netcdf-c/4.9.3pre-openmpi-4.1.6-nvhpc-23.9\&netcdf-c:cdo/2.0.5-gcc-11.2.0\&cdo:ncl/6.6.2-gcc-11.2.0\&ncl:enscript/1.6.6-gcc-11.2.0\&enscript;' export 'MODULES_LMCONFLICT;
MANPATH_modshare=/sw/spack-levante/ncl-6.6.2-r3hsef/man:2:/sw/spack-levante/netcdf-c-main-q3icox/share/man:1:/work/bd1179/iconeval/env/man:1::2:/sw/spack-levante/nco-5.0.6-3xkdth/share/man:1:/sw/spack-levante/enscript-1.6.6-euopa3/share/man:1:/work/bd1179/iconeval/env/share/man:1;' export 'MANPATH_modshare;
PATH_modshare=/sw/spack-workplace/spack/bin:1:/usr/bin:1:/sw/spack-levante/ncl-6.6.2-r3hsef/bin:1:/work/bd1179/iconeval/env/bin:1:/usr/local/bin:1:/usr/share/Modules/bin:1:/sw/spack-levante/nco-5.0.6-3xkdth/bin:1:/home/b/b309216/mambaforge/bin:1:/home/b/b309216/.vscode-server/cli/servers/Stable-b1c0a14de1414fcdaa400695b4db1c0799bc3124/server/bin/remote-cli:1:/sw/spack-levante/netcdf-c-main-q3icox/bin:1:/sw/spack-levante/texlive-live2021-l5o6sw/bin/x86_64-linux:1:/sw/bin:1:/sw/spack-levante/ncview-2.1.8-metgtp/bin:1:/sw/spack-levante/cdo-2.0.5-5fascj/bin:1:/home/b/b309216/mambaforge/condabin:1:/usr/sbin:1:/sw/spack-levante/enscript-1.6.6-euopa3/bin:1:/sw/spack-levante/texlive-live2021-l5o6sw/bin:1:/usr/local/sbin:1;' export 'PATH_modshare;
test' '0;'
++ _LMFILES__modshare=/sw/spack-levante/spack/modules/enscript/1.6.6-gcc-11.2.0:1:/sw/spack-levante/spack/modules/cdo/2.0.5-gcc-11.2.0:1:/work/bd1179/modulefiles/iconeval/0.0.2:1:/sw/spack-levante/spack/modules/texlive/live2021-gcc-11.2.0:1:/sw/spack-levante/spack/modules/netcdf-c/4.9.3pre-openmpi-4.1.6-nvhpc-23.9:1:/sw/spack-levante/spack/modules/nco/5.0.6-gcc-11.2.0:1:/sw/spack-levante/spack/modules/ncview/2.1.8-gcc-11.2.0:1:/sw/spack-levante/spack/modules/ncl/6.6.2-gcc-11.2.0:1
++ export _LMFILES__modshare
++ LOADEDMODULES_modshare=texlive/live2021-gcc-11.2.0:1:netcdf-c/4.9.3pre-openmpi-4.1.6-nvhpc-23.9:1:nco/5.0.6-gcc-11.2.0:1:ncview/2.1.8-gcc-11.2.0:1:ncl/6.6.2-gcc-11.2.0:1:iconeval/0.0.2:1:enscript/1.6.6-gcc-11.2.0:1:cdo/2.0.5-gcc-11.2.0:1
++ export LOADEDMODULES_modshare
++ MODULES_LMCONFLICT_modshare='ncl/6.6.2-gcc-11.2.0&ncl:1:enscript/1.6.6-gcc-11.2.0&enscript:1:iconeval/0.0.2&mambaforge:1:netcdf-c/4.9.3pre-openmpi-4.1.6-nvhpc-23.9&netcdf-c:1:texlive/live2021-gcc-11.2.0&texlive:1:nco/5.0.6-gcc-11.2.0&nco:1:ncview/2.1.8-gcc-11.2.0&ncview:1:cdo/2.0.5-gcc-11.2.0&cdo:1'
++ export MODULES_LMCONFLICT_modshare
++ MANPATH=/sw/spack-levante/enscript-1.6.6-euopa3/share/man:/sw/spack-levante/ncl-6.6.2-r3hsef/man:/sw/spack-levante/netcdf-c-main-q3icox/share/man:/sw/spack-levante/nco-5.0.6-3xkdth/share/man:/work/bd1179/iconeval/env/share/man:/work/bd1179/iconeval/env/man::
++ export MANPATH
++ PATH=/sw/spack-levante/enscript-1.6.6-euopa3/bin:/sw/spack-levante/ncl-6.6.2-r3hsef/bin:/sw/spack-levante/cdo-2.0.5-5fascj/bin:/home/b/b309216/.vscode-server/cli/servers/Stable-b1c0a14de1414fcdaa400695b4db1c0799bc3124/server/bin/remote-cli:/sw/spack-levante/netcdf-c-main-q3icox/bin:/sw/spack-levante/ncview-2.1.8-metgtp/bin:/sw/spack-levante/nco-5.0.6-3xkdth/bin:/sw/spack-levante/texlive-live2021-l5o6sw/bin/x86_64-linux:/sw/spack-levante/texlive-live2021-l5o6sw/bin:/work/bd1179/iconeval/env/bin:/sw/bin:/sw/spack-workplace/spack/bin:/usr/share/Modules/bin:/home/b/b309216/mambaforge/bin:/home/b/b309216/mambaforge/condabin:/usr/local/bin:/usr/bin:/usr/local/sbin:/usr/sbin
++ export PATH
++ _LMFILES_=/work/bd1179/modulefiles/iconeval/0.0.2:/sw/spack-levante/spack/modules/texlive/live2021-gcc-11.2.0:/sw/spack-levante/spack/modules/nco/5.0.6-gcc-11.2.0:/sw/spack-levante/spack/modules/ncview/2.1.8-gcc-11.2.0:/sw/spack-levante/spack/modules/netcdf-c/4.9.3pre-openmpi-4.1.6-nvhpc-23.9:/sw/spack-levante/spack/modules/cdo/2.0.5-gcc-11.2.0:/sw/spack-levante/spack/modules/ncl/6.6.2-gcc-11.2.0:/sw/spack-levante/spack/modules/enscript/1.6.6-gcc-11.2.0
++ export _LMFILES_
++ LOADEDMODULES=iconeval/0.0.2:texlive/live2021-gcc-11.2.0:nco/5.0.6-gcc-11.2.0:ncview/2.1.8-gcc-11.2.0:netcdf-c/4.9.3pre-openmpi-4.1.6-nvhpc-23.9:cdo/2.0.5-gcc-11.2.0:ncl/6.6.2-gcc-11.2.0:enscript/1.6.6-gcc-11.2.0
++ export LOADEDMODULES
++ MODULES_LMCONFLICT='iconeval/0.0.2&mambaforge:texlive/live2021-gcc-11.2.0&texlive:nco/5.0.6-gcc-11.2.0&nco:ncview/2.1.8-gcc-11.2.0&ncview:netcdf-c/4.9.3pre-openmpi-4.1.6-nvhpc-23.9&netcdf-c:cdo/2.0.5-gcc-11.2.0&cdo:ncl/6.6.2-gcc-11.2.0&ncl:enscript/1.6.6-gcc-11.2.0&enscript'
++ export MODULES_LMCONFLICT
++ MANPATH_modshare=/sw/spack-levante/ncl-6.6.2-r3hsef/man:2:/sw/spack-levante/netcdf-c-main-q3icox/share/man:1:/work/bd1179/iconeval/env/man:1::2:/sw/spack-levante/nco-5.0.6-3xkdth/share/man:1:/sw/spack-levante/enscript-1.6.6-euopa3/share/man:1:/work/bd1179/iconeval/env/share/man:1
++ export MANPATH_modshare
++ PATH_modshare=/sw/spack-workplace/spack/bin:1:/usr/bin:1:/sw/spack-levante/ncl-6.6.2-r3hsef/bin:1:/work/bd1179/iconeval/env/bin:1:/usr/local/bin:1:/usr/share/Modules/bin:1:/sw/spack-levante/nco-5.0.6-3xkdth/bin:1:/home/b/b309216/mambaforge/bin:1:/home/b/b309216/.vscode-server/cli/servers/Stable-b1c0a14de1414fcdaa400695b4db1c0799bc3124/server/bin/remote-cli:1:/sw/spack-levante/netcdf-c-main-q3icox/bin:1:/sw/spack-levante/texlive-live2021-l5o6sw/bin/x86_64-linux:1:/sw/bin:1:/sw/spack-levante/ncview-2.1.8-metgtp/bin:1:/sw/spack-levante/cdo-2.0.5-5fascj/bin:1:/home/b/b309216/mambaforge/condabin:1:/usr/sbin:1:/sw/spack-levante/enscript-1.6.6-euopa3/bin:1:/sw/spack-levante/texlive-live2021-l5o6sw/bin:1:/usr/local/sbin:1
++ export PATH_modshare
++ test 0
+ _mlstatus=0
+ '[' -n x ']'
+ IFS=' 	
'
+ unset _mlre _mlv _mlrv _mlIFS
+ '[' -n '' ']'
+ unset _mlshdbg
+ return 0
+ enscript -fCourier8 busy_table.txt --output=busy_ps.ps busy_table.txt
[ 2 pages * 1 copy ] left in busy_ps.ps
+ module load ghostscript
+ unset _mlshdbg
+ '[' 0 = 1 ']'
+ unset _mlre _mlIFS
+ '[' -n x ']'
+ _mlIFS=' 	
'
+ IFS=' '
+ for _mlv in ${MODULES_RUN_QUARANTINE:-}
+ '[' LD_LIBRARY_PATH = LD_LIBRARY_PATH -a LD_LIBRARY_PATH = LD_LIBRARY_PATH ']'
++ eval 'echo ${LD_LIBRARY_PATH+x}'
+++ echo
+ '[' -n '' ']'
+ _mlrv=MODULES_RUNENV_LD_LIBRARY_PATH
++ eval 'echo ${MODULES_RUNENV_LD_LIBRARY_PATH:-}'
+++ echo
+ _mlre='LD_LIBRARY_PATH='\'''\'' '
+ for _mlv in ${MODULES_RUN_QUARANTINE:-}
+ '[' LD_PRELOAD = LD_PRELOAD -a LD_PRELOAD = LD_PRELOAD ']'
++ eval 'echo ${LD_PRELOAD+x}'
+++ echo
+ '[' -n '' ']'
+ _mlrv=MODULES_RUNENV_LD_PRELOAD
++ eval 'echo ${MODULES_RUNENV_LD_PRELOAD:-}'
+++ echo
+ _mlre='LD_LIBRARY_PATH='\'''\'' LD_PRELOAD='\'''\'' '
+ '[' -n 'LD_LIBRARY_PATH='\'''\'' LD_PRELOAD='\'''\'' ' ']'
++ eval 'LD_LIBRARY_PATH='\'''\''' 'LD_PRELOAD='\'''\''' /usr/bin/tclsh /usr/share/Modules/libexec/modulecmd.tcl sh '"$@"'
+++ LD_LIBRARY_PATH=
+++ LD_PRELOAD=
+++ /usr/bin/tclsh /usr/share/Modules/libexec/modulecmd.tcl sh load ghostscript
+ eval 'CPLUS_INCLUDE_PATH_modshare=/work/bd1179/iconeval/env/include:1:/sw/spack-levante/ghostscript-9.54.0-u2hloo/include:1;' export 'CPLUS_INCLUDE_PATH_modshare;
MANPATH=/sw/spack-levante/ghostscript-9.54.0-u2hloo/share/man:/sw/spack-levante/enscript-1.6.6-euopa3/share/man:/sw/spack-levante/ncl-6.6.2-r3hsef/man:/sw/spack-levante/netcdf-c-main-q3icox/share/man:/sw/spack-levante/nco-5.0.6-3xkdth/share/man:/work/bd1179/iconeval/env/share/man:/work/bd1179/iconeval/env/man::;' export 'MANPATH;
_LMFILES_=/work/bd1179/modulefiles/iconeval/0.0.2:/sw/spack-levante/spack/modules/texlive/live2021-gcc-11.2.0:/sw/spack-levante/spack/modules/nco/5.0.6-gcc-11.2.0:/sw/spack-levante/spack/modules/ncview/2.1.8-gcc-11.2.0:/sw/spack-levante/spack/modules/netcdf-c/4.9.3pre-openmpi-4.1.6-nvhpc-23.9:/sw/spack-levante/spack/modules/cdo/2.0.5-gcc-11.2.0:/sw/spack-levante/spack/modules/ncl/6.6.2-gcc-11.2.0:/sw/spack-levante/spack/modules/enscript/1.6.6-gcc-11.2.0:/sw/spack-levante/spack/modules/ghostscript/9.54.0-gcc-11.2.0;' export '_LMFILES_;
LOADEDMODULES=iconeval/0.0.2:texlive/live2021-gcc-11.2.0:nco/5.0.6-gcc-11.2.0:ncview/2.1.8-gcc-11.2.0:netcdf-c/4.9.3pre-openmpi-4.1.6-nvhpc-23.9:cdo/2.0.5-gcc-11.2.0:ncl/6.6.2-gcc-11.2.0:enscript/1.6.6-gcc-11.2.0:ghostscript/9.54.0-gcc-11.2.0;' export 'LOADEDMODULES;
MODULES_LMCONFLICT=iconeval/0.0.2\&mambaforge:texlive/live2021-gcc-11.2.0\&texlive:nco/5.0.6-gcc-11.2.0\&nco:ncview/2.1.8-gcc-11.2.0\&ncview:netcdf-c/4.9.3pre-openmpi-4.1.6-nvhpc-23.9\&netcdf-c:cdo/2.0.5-gcc-11.2.0\&cdo:ncl/6.6.2-gcc-11.2.0\&ncl:enscript/1.6.6-gcc-11.2.0\&enscript:ghostscript/9.54.0-gcc-11.2.0\&ghostscript;' export 'MODULES_LMCONFLICT;
MANPATH_modshare=/sw/spack-levante/ncl-6.6.2-r3hsef/man:2:/sw/spack-levante/netcdf-c-main-q3icox/share/man:1:/work/bd1179/iconeval/env/man:1::2:/sw/spack-levante/ghostscript-9.54.0-u2hloo/share/man:1:/sw/spack-levante/nco-5.0.6-3xkdth/share/man:1:/sw/spack-levante/enscript-1.6.6-euopa3/share/man:1:/work/bd1179/iconeval/env/share/man:1;' export 'MANPATH_modshare;
C_INCLUDE_PATH_modshare=/work/bd1179/iconeval/env/include:1:/sw/spack-levante/ghostscript-9.54.0-u2hloo/include:1;' export 'C_INCLUDE_PATH_modshare;
INCLUDE=/sw/spack-levante/ghostscript-9.54.0-u2hloo/include:/work/bd1179/iconeval/env/include;' export 'INCLUDE;
MODULES_LMCONFLICT_modshare=ncl/6.6.2-gcc-11.2.0\&ncl:1:iconeval/0.0.2\&mambaforge:1:enscript/1.6.6-gcc-11.2.0\&enscript:1:ghostscript/9.54.0-gcc-11.2.0\&ghostscript:1:netcdf-c/4.9.3pre-openmpi-4.1.6-nvhpc-23.9\&netcdf-c:1:texlive/live2021-gcc-11.2.0\&texlive:1:nco/5.0.6-gcc-11.2.0\&nco:1:ncview/2.1.8-gcc-11.2.0\&ncview:1:cdo/2.0.5-gcc-11.2.0\&cdo:1;' export 'MODULES_LMCONFLICT_modshare;
CPLUS_INCLUDE_PATH=/sw/spack-levante/ghostscript-9.54.0-u2hloo/include:/work/bd1179/iconeval/env/include;' export 'CPLUS_INCLUDE_PATH;
GI_TYPELIB_PATH_modshare=/sw/spack-levante/pango-1.42.0-qqieao/lib/girepository-1.0:1:/sw/spack-levante/gdk-pixbuf-2.42.6-i77qrc/lib/girepository-1.0:1:/sw/spack-levante/at-spi2-core-2.40.1-2ysvju/lib/girepository-1.0:1:/sw/spack-levante/gtkplus-3.24.29-7oochg/lib/girepository-1.0:1:/sw/spack-levante/atk-2.36.0-daet4p/lib/girepository-1.0:1:/sw/spack-levante/gobject-introspection-1.56.1-kj3djf/lib/girepository-1.0:1;' export 'GI_TYPELIB_PATH_modshare;
C_INCLUDE_PATH=/sw/spack-levante/ghostscript-9.54.0-u2hloo/include:/work/bd1179/iconeval/env/include;' export 'C_INCLUDE_PATH;
_LMFILES__modshare=/sw/spack-levante/spack/modules/ghostscript/9.54.0-gcc-11.2.0:1:/sw/spack-levante/spack/modules/cdo/2.0.5-gcc-11.2.0:1:/sw/spack-levante/spack/modules/enscript/1.6.6-gcc-11.2.0:1:/work/bd1179/modulefiles/iconeval/0.0.2:1:/sw/spack-levante/spack/modules/texlive/live2021-gcc-11.2.0:1:/sw/spack-levante/spack/modules/netcdf-c/4.9.3pre-openmpi-4.1.6-nvhpc-23.9:1:/sw/spack-levante/spack/modules/nco/5.0.6-gcc-11.2.0:1:/sw/spack-levante/spack/modules/ncview/2.1.8-gcc-11.2.0:1:/sw/spack-levante/spack/modules/ncl/6.6.2-gcc-11.2.0:1;' export '_LMFILES__modshare;
LOADEDMODULES_modshare=texlive/live2021-gcc-11.2.0:1:netcdf-c/4.9.3pre-openmpi-4.1.6-nvhpc-23.9:1:nco/5.0.6-gcc-11.2.0:1:ncview/2.1.8-gcc-11.2.0:1:ncl/6.6.2-gcc-11.2.0:1:ghostscript/9.54.0-gcc-11.2.0:1:iconeval/0.0.2:1:cdo/2.0.5-gcc-11.2.0:1:enscript/1.6.6-gcc-11.2.0:1;' export 'LOADEDMODULES_modshare;
GI_TYPELIB_PATH=/sw/spack-levante/gtkplus-3.24.29-7oochg/lib/girepository-1.0:/sw/spack-levante/pango-1.42.0-qqieao/lib/girepository-1.0:/sw/spack-levante/gdk-pixbuf-2.42.6-i77qrc/lib/girepository-1.0:/sw/spack-levante/atk-2.36.0-daet4p/lib/girepository-1.0:/sw/spack-levante/at-spi2-core-2.40.1-2ysvju/lib/girepository-1.0:/sw/spack-levante/gobject-introspection-1.56.1-kj3djf/lib/girepository-1.0;' export 'GI_TYPELIB_PATH;
PATH=/sw/spack-levante/ghostscript-9.54.0-u2hloo/bin:/sw/spack-levante/enscript-1.6.6-euopa3/bin:/sw/spack-levante/ncl-6.6.2-r3hsef/bin:/sw/spack-levante/cdo-2.0.5-5fascj/bin:/home/b/b309216/.vscode-server/cli/servers/Stable-b1c0a14de1414fcdaa400695b4db1c0799bc3124/server/bin/remote-cli:/sw/spack-levante/netcdf-c-main-q3icox/bin:/sw/spack-levante/ncview-2.1.8-metgtp/bin:/sw/spack-levante/nco-5.0.6-3xkdth/bin:/sw/spack-levante/texlive-live2021-l5o6sw/bin/x86_64-linux:/sw/spack-levante/texlive-live2021-l5o6sw/bin:/work/bd1179/iconeval/env/bin:/sw/bin:/sw/spack-workplace/spack/bin:/usr/share/Modules/bin:/home/b/b309216/mambaforge/bin:/home/b/b309216/mambaforge/condabin:/usr/local/bin:/usr/bin:/usr/local/sbin:/usr/sbin;' export 'PATH;
INCLUDE_modshare=/work/bd1179/iconeval/env/include:1:/sw/spack-levante/ghostscript-9.54.0-u2hloo/include:1;' export 'INCLUDE_modshare;
PATH_modshare=/sw/spack-workplace/spack/bin:1:/usr/bin:1:/sw/spack-levante/ncl-6.6.2-r3hsef/bin:1:/work/bd1179/iconeval/env/bin:1:/usr/local/bin:1:/usr/share/Modules/bin:1:/sw/spack-levante/nco-5.0.6-3xkdth/bin:1:/home/b/b309216/mambaforge/bin:1:/home/b/b309216/.vscode-server/cli/servers/Stable-b1c0a14de1414fcdaa400695b4db1c0799bc3124/server/bin/remote-cli:1:/sw/spack-levante/netcdf-c-main-q3icox/bin:1:/sw/spack-levante/ghostscript-9.54.0-u2hloo/bin:1:/sw/spack-levante/texlive-live2021-l5o6sw/bin/x86_64-linux:1:/sw/bin:1:/sw/spack-levante/ncview-2.1.8-metgtp/bin:1:/sw/spack-levante/cdo-2.0.5-5fascj/bin:1:/home/b/b309216/mambaforge/condabin:1:/usr/sbin:1:/sw/spack-levante/texlive-live2021-l5o6sw/bin:1:/sw/spack-levante/enscript-1.6.6-euopa3/bin:1:/usr/local/sbin:1;' export 'PATH_modshare;
test' '0;'
++ CPLUS_INCLUDE_PATH_modshare=/work/bd1179/iconeval/env/include:1:/sw/spack-levante/ghostscript-9.54.0-u2hloo/include:1
++ export CPLUS_INCLUDE_PATH_modshare
++ MANPATH=/sw/spack-levante/ghostscript-9.54.0-u2hloo/share/man:/sw/spack-levante/enscript-1.6.6-euopa3/share/man:/sw/spack-levante/ncl-6.6.2-r3hsef/man:/sw/spack-levante/netcdf-c-main-q3icox/share/man:/sw/spack-levante/nco-5.0.6-3xkdth/share/man:/work/bd1179/iconeval/env/share/man:/work/bd1179/iconeval/env/man::
++ export MANPATH
++ _LMFILES_=/work/bd1179/modulefiles/iconeval/0.0.2:/sw/spack-levante/spack/modules/texlive/live2021-gcc-11.2.0:/sw/spack-levante/spack/modules/nco/5.0.6-gcc-11.2.0:/sw/spack-levante/spack/modules/ncview/2.1.8-gcc-11.2.0:/sw/spack-levante/spack/modules/netcdf-c/4.9.3pre-openmpi-4.1.6-nvhpc-23.9:/sw/spack-levante/spack/modules/cdo/2.0.5-gcc-11.2.0:/sw/spack-levante/spack/modules/ncl/6.6.2-gcc-11.2.0:/sw/spack-levante/spack/modules/enscript/1.6.6-gcc-11.2.0:/sw/spack-levante/spack/modules/ghostscript/9.54.0-gcc-11.2.0
++ export _LMFILES_
++ LOADEDMODULES=iconeval/0.0.2:texlive/live2021-gcc-11.2.0:nco/5.0.6-gcc-11.2.0:ncview/2.1.8-gcc-11.2.0:netcdf-c/4.9.3pre-openmpi-4.1.6-nvhpc-23.9:cdo/2.0.5-gcc-11.2.0:ncl/6.6.2-gcc-11.2.0:enscript/1.6.6-gcc-11.2.0:ghostscript/9.54.0-gcc-11.2.0
++ export LOADEDMODULES
++ MODULES_LMCONFLICT='iconeval/0.0.2&mambaforge:texlive/live2021-gcc-11.2.0&texlive:nco/5.0.6-gcc-11.2.0&nco:ncview/2.1.8-gcc-11.2.0&ncview:netcdf-c/4.9.3pre-openmpi-4.1.6-nvhpc-23.9&netcdf-c:cdo/2.0.5-gcc-11.2.0&cdo:ncl/6.6.2-gcc-11.2.0&ncl:enscript/1.6.6-gcc-11.2.0&enscript:ghostscript/9.54.0-gcc-11.2.0&ghostscript'
++ export MODULES_LMCONFLICT
++ MANPATH_modshare=/sw/spack-levante/ncl-6.6.2-r3hsef/man:2:/sw/spack-levante/netcdf-c-main-q3icox/share/man:1:/work/bd1179/iconeval/env/man:1::2:/sw/spack-levante/ghostscript-9.54.0-u2hloo/share/man:1:/sw/spack-levante/nco-5.0.6-3xkdth/share/man:1:/sw/spack-levante/enscript-1.6.6-euopa3/share/man:1:/work/bd1179/iconeval/env/share/man:1
++ export MANPATH_modshare
++ C_INCLUDE_PATH_modshare=/work/bd1179/iconeval/env/include:1:/sw/spack-levante/ghostscript-9.54.0-u2hloo/include:1
++ export C_INCLUDE_PATH_modshare
++ INCLUDE=/sw/spack-levante/ghostscript-9.54.0-u2hloo/include:/work/bd1179/iconeval/env/include
++ export INCLUDE
++ MODULES_LMCONFLICT_modshare='ncl/6.6.2-gcc-11.2.0&ncl:1:iconeval/0.0.2&mambaforge:1:enscript/1.6.6-gcc-11.2.0&enscript:1:ghostscript/9.54.0-gcc-11.2.0&ghostscript:1:netcdf-c/4.9.3pre-openmpi-4.1.6-nvhpc-23.9&netcdf-c:1:texlive/live2021-gcc-11.2.0&texlive:1:nco/5.0.6-gcc-11.2.0&nco:1:ncview/2.1.8-gcc-11.2.0&ncview:1:cdo/2.0.5-gcc-11.2.0&cdo:1'
++ export MODULES_LMCONFLICT_modshare
++ CPLUS_INCLUDE_PATH=/sw/spack-levante/ghostscript-9.54.0-u2hloo/include:/work/bd1179/iconeval/env/include
++ export CPLUS_INCLUDE_PATH
++ GI_TYPELIB_PATH_modshare=/sw/spack-levante/pango-1.42.0-qqieao/lib/girepository-1.0:1:/sw/spack-levante/gdk-pixbuf-2.42.6-i77qrc/lib/girepository-1.0:1:/sw/spack-levante/at-spi2-core-2.40.1-2ysvju/lib/girepository-1.0:1:/sw/spack-levante/gtkplus-3.24.29-7oochg/lib/girepository-1.0:1:/sw/spack-levante/atk-2.36.0-daet4p/lib/girepository-1.0:1:/sw/spack-levante/gobject-introspection-1.56.1-kj3djf/lib/girepository-1.0:1
++ export GI_TYPELIB_PATH_modshare
++ C_INCLUDE_PATH=/sw/spack-levante/ghostscript-9.54.0-u2hloo/include:/work/bd1179/iconeval/env/include
++ export C_INCLUDE_PATH
++ _LMFILES__modshare=/sw/spack-levante/spack/modules/ghostscript/9.54.0-gcc-11.2.0:1:/sw/spack-levante/spack/modules/cdo/2.0.5-gcc-11.2.0:1:/sw/spack-levante/spack/modules/enscript/1.6.6-gcc-11.2.0:1:/work/bd1179/modulefiles/iconeval/0.0.2:1:/sw/spack-levante/spack/modules/texlive/live2021-gcc-11.2.0:1:/sw/spack-levante/spack/modules/netcdf-c/4.9.3pre-openmpi-4.1.6-nvhpc-23.9:1:/sw/spack-levante/spack/modules/nco/5.0.6-gcc-11.2.0:1:/sw/spack-levante/spack/modules/ncview/2.1.8-gcc-11.2.0:1:/sw/spack-levante/spack/modules/ncl/6.6.2-gcc-11.2.0:1
++ export _LMFILES__modshare
++ LOADEDMODULES_modshare=texlive/live2021-gcc-11.2.0:1:netcdf-c/4.9.3pre-openmpi-4.1.6-nvhpc-23.9:1:nco/5.0.6-gcc-11.2.0:1:ncview/2.1.8-gcc-11.2.0:1:ncl/6.6.2-gcc-11.2.0:1:ghostscript/9.54.0-gcc-11.2.0:1:iconeval/0.0.2:1:cdo/2.0.5-gcc-11.2.0:1:enscript/1.6.6-gcc-11.2.0:1
++ export LOADEDMODULES_modshare
++ GI_TYPELIB_PATH=/sw/spack-levante/gtkplus-3.24.29-7oochg/lib/girepository-1.0:/sw/spack-levante/pango-1.42.0-qqieao/lib/girepository-1.0:/sw/spack-levante/gdk-pixbuf-2.42.6-i77qrc/lib/girepository-1.0:/sw/spack-levante/atk-2.36.0-daet4p/lib/girepository-1.0:/sw/spack-levante/at-spi2-core-2.40.1-2ysvju/lib/girepository-1.0:/sw/spack-levante/gobject-introspection-1.56.1-kj3djf/lib/girepository-1.0
++ export GI_TYPELIB_PATH
++ PATH=/sw/spack-levante/ghostscript-9.54.0-u2hloo/bin:/sw/spack-levante/enscript-1.6.6-euopa3/bin:/sw/spack-levante/ncl-6.6.2-r3hsef/bin:/sw/spack-levante/cdo-2.0.5-5fascj/bin:/home/b/b309216/.vscode-server/cli/servers/Stable-b1c0a14de1414fcdaa400695b4db1c0799bc3124/server/bin/remote-cli:/sw/spack-levante/netcdf-c-main-q3icox/bin:/sw/spack-levante/ncview-2.1.8-metgtp/bin:/sw/spack-levante/nco-5.0.6-3xkdth/bin:/sw/spack-levante/texlive-live2021-l5o6sw/bin/x86_64-linux:/sw/spack-levante/texlive-live2021-l5o6sw/bin:/work/bd1179/iconeval/env/bin:/sw/bin:/sw/spack-workplace/spack/bin:/usr/share/Modules/bin:/home/b/b309216/mambaforge/bin:/home/b/b309216/mambaforge/condabin:/usr/local/bin:/usr/bin:/usr/local/sbin:/usr/sbin
++ export PATH
++ INCLUDE_modshare=/work/bd1179/iconeval/env/include:1:/sw/spack-levante/ghostscript-9.54.0-u2hloo/include:1
++ export INCLUDE_modshare
++ PATH_modshare=/sw/spack-workplace/spack/bin:1:/usr/bin:1:/sw/spack-levante/ncl-6.6.2-r3hsef/bin:1:/work/bd1179/iconeval/env/bin:1:/usr/local/bin:1:/usr/share/Modules/bin:1:/sw/spack-levante/nco-5.0.6-3xkdth/bin:1:/home/b/b309216/mambaforge/bin:1:/home/b/b309216/.vscode-server/cli/servers/Stable-b1c0a14de1414fcdaa400695b4db1c0799bc3124/server/bin/remote-cli:1:/sw/spack-levante/netcdf-c-main-q3icox/bin:1:/sw/spack-levante/ghostscript-9.54.0-u2hloo/bin:1:/sw/spack-levante/texlive-live2021-l5o6sw/bin/x86_64-linux:1:/sw/bin:1:/sw/spack-levante/ncview-2.1.8-metgtp/bin:1:/sw/spack-levante/cdo-2.0.5-5fascj/bin:1:/home/b/b309216/mambaforge/condabin:1:/usr/sbin:1:/sw/spack-levante/texlive-live2021-l5o6sw/bin:1:/sw/spack-levante/enscript-1.6.6-euopa3/bin:1:/usr/local/sbin:1
++ export PATH_modshare
++ test 0
+ _mlstatus=0
+ '[' -n x ']'
+ IFS=' 	
'
+ unset _mlre _mlv _mlrv _mlIFS
+ '[' -n '' ']'
+ unset _mlshdbg
+ return 0
+ ps2pdf busy_ps.ps table_EXP_1979-1980_nrun_1-PaperExample_R2B5_POST_1979-1980_ANN_global.pdf
+ rm busy busy_atm_phy busy_atm_phy.nc busy_ps.ps busy_table.txt
+ exit
+ echo '####################################################'
+ echo you find your table on
+ echo /work/bd1179/b309216/icon/ICON-2.6.4/icon-tuning-analysis/Postprocessing_PaperExample/tables/EXP_1979-1980_nrun_1-PaperExample_R2B5_POST_1979-1980_ANN_global_10092024_150537
+ echo '#####################################################'
+ exit
